<?xml version="1.0" ?>
<coverage version="6.0.2" timestamp="1664723022042" lines-valid="7270" lines-covered="6788" line-rate="0.9337" branches-valid="1458" branches-covered="1144" branch-rate="0.7846" complexity="0">
	<!-- Generated by coverage.py: https://coverage.readthedocs.io -->
	<!-- Based on https://raw.githubusercontent.com/cobertura/web/master/htdocs/xml/coverage-04.dtd -->
	<sources>
		<source>/Users/nikhil/policyengine/policyengine-core</source>
	</sources>
	<packages>
		<package name="policyengine_core" line-rate="1" branch-rate="1" complexity="0">
			<classes>
				<class name="__init__.py" filename="policyengine_core/__init__.py" complexity="0" line-rate="1" branch-rate="1">
					<methods/>
					<lines/>
				</class>
				<class name="memory_config.py" filename="policyengine_core/memory_config.py" complexity="0" line-rate="1" branch-rate="1">
					<methods/>
					<lines>
						<line number="9" hits="1"/>
					</lines>
				</class>
				<class name="model_api.py" filename="policyengine_core/model_api.py" complexity="0" line-rate="1" branch-rate="1">
					<methods/>
					<lines>
						<line number="1" hits="1"/>
						<line number="3" hits="1"/>
						<line number="12" hits="1"/>
						<line number="18" hits="1"/>
						<line number="23" hits="1"/>
						<line number="25" hits="1"/>
						<line number="34" hits="1"/>
						<line number="41" hits="1"/>
						<line number="42" hits="1"/>
						<line number="44" hits="1"/>
						<line number="49" hits="1"/>
					</lines>
				</class>
				<class name="simulation_builder.py" filename="policyengine_core/simulation_builder.py" complexity="0" line-rate="1" branch-rate="1">
					<methods/>
					<lines>
						<line number="9" hits="1"/>
					</lines>
				</class>
			</classes>
		</package>
		<package name="policyengine_core.commons" line-rate="0.5738" branch-rate="0.2" complexity="0">
			<classes>
				<class name="__init__.py" filename="policyengine_core/commons/__init__.py" complexity="0" line-rate="1" branch-rate="1">
					<methods/>
					<lines>
						<line number="55" hits="1"/>
						<line number="56" hits="1"/>
						<line number="57" hits="1"/>
						<line number="59" hits="1"/>
						<line number="60" hits="1"/>
						<line number="61" hits="1"/>
						<line number="65" hits="1"/>
						<line number="67" hits="1"/>
					</lines>
				</class>
				<class name="dummy.py" filename="policyengine_core/commons/dummy.py" complexity="0" line-rate="0.5" branch-rate="1">
					<methods/>
					<lines>
						<line number="1" hits="1"/>
						<line number="4" hits="1"/>
						<line number="17" hits="1"/>
						<line number="18" hits="0"/>
						<line number="22" hits="0"/>
						<line number="23" hits="0"/>
					</lines>
				</class>
				<class name="formulas.py" filename="policyengine_core/commons/formulas.py" complexity="0" line-rate="0.5" branch-rate="0.2">
					<methods/>
					<lines>
						<line number="1" hits="1"/>
						<line number="3" hits="1"/>
						<line number="5" hits="1"/>
						<line number="7" hits="1"/>
						<line number="10" hits="1"/>
						<line number="44" hits="0" branch="true" condition-coverage="0% (0/2)" missing-branches="exit,46"/>
						<line number="46" hits="0" branch="true" condition-coverage="0% (0/2)" missing-branches="49,51"/>
						<line number="49" hits="0"/>
						<line number="51" hits="0"/>
						<line number="58" hits="0"/>
						<line number="61" hits="1"/>
						<line number="80" hits="0" branch="true" condition-coverage="0% (0/2)" missing-branches="84,86"/>
						<line number="84" hits="0"/>
						<line number="86" hits="0" branch="true" condition-coverage="0% (0/2)" missing-branches="90,92"/>
						<line number="90" hits="0"/>
						<line number="92" hits="0"/>
						<line number="95" hits="1"/>
						<line number="122" hits="1"/>
						<line number="126" hits="1" branch="true" condition-coverage="100% (2/2)"/>
						<line number="130" hits="1"/>
					</lines>
				</class>
				<class name="misc.py" filename="policyengine_core/commons/misc.py" complexity="0" line-rate="0.75" branch-rate="0.3333">
					<methods/>
					<lines>
						<line number="1" hits="1"/>
						<line number="3" hits="1"/>
						<line number="5" hits="1"/>
						<line number="8" hits="1"/>
						<line number="35" hits="1" branch="true" condition-coverage="100% (2/2)"/>
						<line number="39" hits="1"/>
						<line number="40" hits="1"/>
						<line number="41" hits="1"/>
						<line number="44" hits="1"/>
						<line number="73" hits="0" branch="true" condition-coverage="0% (0/2)" missing-branches="74,76"/>
						<line number="74" hits="0"/>
						<line number="76" hits="0" branch="true" condition-coverage="0% (0/2)" missing-branches="exit,exit"/>
					</lines>
				</class>
				<class name="rates.py" filename="policyengine_core/commons/rates.py" complexity="0" line-rate="0.3333" branch-rate="0">
					<methods/>
					<lines>
						<line number="1" hits="1"/>
						<line number="3" hits="1"/>
						<line number="5" hits="1"/>
						<line number="8" hits="1"/>
						<line number="46" hits="0"/>
						<line number="48" hits="0" branch="true" condition-coverage="0% (0/2)" missing-branches="50,58"/>
						<line number="50" hits="0"/>
						<line number="54" hits="0"/>
						<line number="58" hits="0"/>
						<line number="61" hits="1"/>
						<line number="99" hits="0"/>
						<line number="103" hits="0" branch="true" condition-coverage="0% (0/2)" missing-branches="105,113"/>
						<line number="105" hits="0"/>
						<line number="109" hits="0"/>
						<line number="113" hits="0"/>
					</lines>
				</class>
			</classes>
		</package>
		<package name="policyengine_core.country_template" line-rate="1" branch-rate="1" complexity="0">
			<classes>
				<class name="__init__.py" filename="policyengine_core/country_template/__init__.py" complexity="0" line-rate="1" branch-rate="1">
					<methods/>
					<lines>
						<line number="11" hits="1"/>
						<line number="13" hits="1"/>
						<line number="15" hits="1"/>
						<line number="16" hits="1"/>
						<line number="19" hits="1"/>
						<line number="24" hits="1"/>
						<line number="25" hits="1"/>
						<line number="27" hits="1"/>
						<line number="30" hits="1"/>
						<line number="35" hits="1"/>
						<line number="36" hits="1"/>
						<line number="39" hits="1"/>
					</lines>
				</class>
				<class name="entities.py" filename="policyengine_core/country_template/entities.py" complexity="0" line-rate="1" branch-rate="1">
					<methods/>
					<lines>
						<line number="9" hits="1"/>
						<line number="11" hits="1"/>
						<line number="47" hits="1"/>
						<line number="64" hits="1"/>
					</lines>
				</class>
			</classes>
		</package>
		<package name="policyengine_core.country_template.reforms" line-rate="0.9167" branch-rate="1" complexity="0">
			<classes>
				<class name="__init__.py" filename="policyengine_core/country_template/reforms/__init__.py" complexity="0" line-rate="1" branch-rate="1">
					<methods/>
					<lines/>
				</class>
				<class name="flat_social_security_contribution.py" filename="policyengine_core/country_template/reforms/flat_social_security_contribution.py" complexity="0" line-rate="0.875" branch-rate="1">
					<methods/>
					<lines>
						<line number="10" hits="1"/>
						<line number="11" hits="1"/>
						<line number="14" hits="1"/>
						<line number="17" hits="1"/>
						<line number="23" hits="0"/>
						<line number="26" hits="1"/>
						<line number="27" hits="1"/>
						<line number="34" hits="1"/>
					</lines>
				</class>
				<class name="removal_basic_income.py" filename="policyengine_core/country_template/reforms/removal_basic_income.py" complexity="0" line-rate="1" branch-rate="1">
					<methods/>
					<lines>
						<line number="10" hits="1"/>
						<line number="13" hits="1"/>
						<line number="14" hits="1"/>
						<line number="23" hits="1"/>
					</lines>
				</class>
			</classes>
		</package>
		<package name="policyengine_core.country_template.situation_examples" line-rate="1" branch-rate="1" complexity="0">
			<classes>
				<class name="__init__.py" filename="policyengine_core/country_template/situation_examples/__init__.py" complexity="0" line-rate="1" branch-rate="1">
					<methods/>
					<lines>
						<line number="3" hits="1"/>
						<line number="4" hits="1"/>
						<line number="7" hits="1"/>
						<line number="10" hits="1"/>
						<line number="12" hits="1"/>
						<line number="13" hits="1"/>
						<line number="14" hits="1"/>
						<line number="17" hits="1"/>
						<line number="18" hits="1"/>
					</lines>
				</class>
			</classes>
		</package>
		<package name="policyengine_core.country_template.variables" line-rate="0.9296" branch-rate="1" complexity="0">
			<classes>
				<class name="__init__.py" filename="policyengine_core/country_template/variables/__init__.py" complexity="0" line-rate="1" branch-rate="1">
					<methods/>
					<lines/>
				</class>
				<class name="benefits.py" filename="policyengine_core/country_template/variables/benefits.py" complexity="0" line-rate="0.7778" branch-rate="1">
					<methods/>
					<lines>
						<line number="10" hits="1"/>
						<line number="11" hits="1"/>
						<line number="14" hits="1"/>
						<line number="17" hits="1"/>
						<line number="18" hits="1"/>
						<line number="19" hits="1"/>
						<line number="20" hits="1"/>
						<line number="21" hits="1"/>
						<line number="22" hits="1"/>
						<line number="24" hits="1"/>
						<line number="30" hits="1"/>
						<line number="33" hits="1"/>
						<line number="37" hits="1"/>
						<line number="44" hits="1"/>
						<line number="47" hits="1"/>
						<line number="48" hits="1"/>
						<line number="55" hits="1"/>
						<line number="56" hits="1"/>
						<line number="57" hits="1"/>
						<line number="58" hits="1"/>
						<line number="59" hits="1"/>
						<line number="60" hits="1"/>
						<line number="61" hits="1"/>
						<line number="62" hits="1"/>
						<line number="63" hits="1"/>
						<line number="68" hits="1"/>
						<line number="78" hits="0"/>
						<line number="85" hits="1"/>
						<line number="86" hits="1"/>
						<line number="87" hits="1"/>
						<line number="88" hits="1"/>
						<line number="89" hits="1"/>
						<line number="90" hits="1"/>
						<line number="95" hits="1"/>
						<line number="103" hits="1"/>
						<line number="107" hits="1"/>
						<line number="110" hits="1"/>
						<line number="111" hits="1"/>
						<line number="112" hits="1"/>
						<line number="113" hits="1"/>
						<line number="114" hits="1"/>
						<line number="115" hits="1"/>
						<line number="116" hits="1"/>
						<line number="118" hits="1"/>
						<line number="127" hits="0"/>
						<line number="129" hits="0"/>
						<line number="130" hits="0"/>
						<line number="131" hits="0"/>
						<line number="133" hits="0"/>
						<line number="134" hits="0"/>
						<line number="135" hits="0"/>
						<line number="136" hits="0"/>
						<line number="138" hits="0"/>
						<line number="141" hits="0"/>
						<line number="143" hits="0"/>
						<line number="146" hits="1"/>
						<line number="147" hits="1"/>
						<line number="148" hits="1"/>
						<line number="149" hits="1"/>
						<line number="150" hits="1"/>
						<line number="152" hits="1"/>
						<line number="154" hits="0"/>
						<line number="155" hits="0"/>
					</lines>
				</class>
				<class name="demographics.py" filename="policyengine_core/country_template/variables/demographics.py" complexity="0" line-rate="1" branch-rate="1">
					<methods/>
					<lines>
						<line number="9" hits="1"/>
						<line number="13" hits="1"/>
						<line number="14" hits="1"/>
						<line number="15" hits="1"/>
						<line number="18" hits="1"/>
						<line number="22" hits="1"/>
						<line number="23" hits="1"/>
						<line number="24" hits="1"/>
						<line number="27" hits="1"/>
						<line number="28" hits="1"/>
						<line number="29" hits="1"/>
						<line number="30" hits="1"/>
						<line number="33" hits="1"/>
						<line number="34" hits="1"/>
						<line number="35" hits="1"/>
						<line number="36" hits="1"/>
						<line number="37" hits="1"/>
						<line number="39" hits="1"/>
						<line number="45" hits="1"/>
						<line number="46" hits="1"/>
						<line number="47" hits="1"/>
						<line number="48" hits="1"/>
						<line number="50" hits="1"/>
						<line number="54" hits="1"/>
					</lines>
				</class>
				<class name="housing.py" filename="policyengine_core/country_template/variables/housing.py" complexity="0" line-rate="1" branch-rate="1">
					<methods/>
					<lines>
						<line number="10" hits="1"/>
						<line number="11" hits="1"/>
						<line number="12" hits="1"/>
						<line number="15" hits="1"/>
						<line number="19" hits="1"/>
						<line number="20" hits="1"/>
						<line number="21" hits="1"/>
						<line number="22" hits="1"/>
						<line number="23" hits="1"/>
						<line number="27" hits="1"/>
						<line number="28" hits="1"/>
						<line number="29" hits="1"/>
						<line number="30" hits="1"/>
						<line number="31" hits="1"/>
						<line number="36" hits="1"/>
						<line number="37" hits="1"/>
						<line number="38" hits="1"/>
						<line number="39" hits="1"/>
						<line number="40" hits="1"/>
						<line number="41" hits="1"/>
						<line number="44" hits="1"/>
						<line number="45" hits="1"/>
						<line number="46" hits="1"/>
						<line number="47" hits="1"/>
						<line number="48" hits="1"/>
						<line number="49" hits="1"/>
						<line number="50" hits="1"/>
						<line number="53" hits="1"/>
						<line number="54" hits="1"/>
						<line number="55" hits="1"/>
						<line number="56" hits="1"/>
						<line number="57" hits="1"/>
						<line number="58" hits="1"/>
					</lines>
				</class>
				<class name="income.py" filename="policyengine_core/country_template/variables/income.py" complexity="0" line-rate="1" branch-rate="1">
					<methods/>
					<lines>
						<line number="10" hits="1"/>
						<line number="11" hits="1"/>
						<line number="12" hits="1"/>
						<line number="15" hits="1"/>
						<line number="19" hits="1"/>
						<line number="20" hits="1"/>
						<line number="21" hits="1"/>
						<line number="22" hits="1"/>
						<line number="23" hits="1"/>
						<line number="24" hits="1"/>
						<line number="25" hits="1"/>
						<line number="30" hits="1"/>
						<line number="31" hits="1"/>
						<line number="32" hits="1"/>
						<line number="33" hits="1"/>
						<line number="34" hits="1"/>
						<line number="35" hits="1"/>
						<line number="37" hits="1"/>
						<line number="39" hits="1"/>
					</lines>
				</class>
				<class name="stats.py" filename="policyengine_core/country_template/variables/stats.py" complexity="0" line-rate="1" branch-rate="1">
					<methods/>
					<lines>
						<line number="10" hits="1"/>
						<line number="11" hits="1"/>
						<line number="14" hits="1"/>
						<line number="17" hits="1"/>
						<line number="18" hits="1"/>
						<line number="19" hits="1"/>
						<line number="20" hits="1"/>
						<line number="21" hits="1"/>
						<line number="22" hits="1"/>
						<line number="24" hits="1"/>
						<line number="26" hits="1"/>
						<line number="30" hits="1"/>
						<line number="37" hits="1"/>
						<line number="38" hits="1"/>
						<line number="39" hits="1"/>
						<line number="40" hits="1"/>
						<line number="41" hits="1"/>
						<line number="42" hits="1"/>
						<line number="44" hits="1"/>
						<line number="46" hits="1"/>
						<line number="47" hits="1"/>
						<line number="51" hits="1"/>
					</lines>
				</class>
				<class name="taxes.py" filename="policyengine_core/country_template/variables/taxes.py" complexity="0" line-rate="1" branch-rate="1">
					<methods/>
					<lines>
						<line number="11" hits="1"/>
						<line number="12" hits="1"/>
						<line number="13" hits="1"/>
						<line number="16" hits="1"/>
						<line number="19" hits="1"/>
						<line number="20" hits="1"/>
						<line number="21" hits="1"/>
						<line number="22" hits="1"/>
						<line number="23" hits="1"/>
						<line number="24" hits="1"/>
						<line number="26" hits="1"/>
						<line number="32" hits="1"/>
						<line number="37" hits="1"/>
						<line number="38" hits="1"/>
						<line number="39" hits="1"/>
						<line number="40" hits="1"/>
						<line number="41" hits="1"/>
						<line number="44" hits="1"/>
						<line number="46" hits="1"/>
						<line number="52" hits="1"/>
						<line number="53" hits="1"/>
						<line number="55" hits="1"/>
						<line number="58" hits="1"/>
						<line number="59" hits="1"/>
						<line number="60" hits="1"/>
						<line number="61" hits="1"/>
						<line number="62" hits="1"/>
						<line number="63" hits="1"/>
						<line number="65" hits="1"/>
						<line number="73" hits="1"/>
						<line number="74" hits="1"/>
						<line number="76" hits="1"/>
						<line number="77" hits="1"/>
						<line number="82" hits="1"/>
						<line number="83" hits="1"/>
						<line number="87" hits="1"/>
						<line number="88" hits="1"/>
						<line number="91" hits="1"/>
					</lines>
				</class>
			</classes>
		</package>
		<package name="policyengine_core.data_storage" line-rate="0.93" branch-rate="0.825" complexity="0">
			<classes>
				<class name="__init__.py" filename="policyengine_core/data_storage/__init__.py" complexity="0" line-rate="1" branch-rate="1">
					<methods/>
					<lines>
						<line number="24" hits="1"/>
						<line number="25" hits="1"/>
					</lines>
				</class>
				<class name="in_memory_storage.py" filename="policyengine_core/data_storage/in_memory_storage.py" complexity="0" line-rate="0.9143" branch-rate="0.8571">
					<methods/>
					<lines>
						<line number="1" hits="1"/>
						<line number="3" hits="1"/>
						<line number="6" hits="1"/>
						<line number="11" hits="1"/>
						<line number="12" hits="1"/>
						<line number="13" hits="1"/>
						<line number="15" hits="1"/>
						<line number="16" hits="1" branch="true" condition-coverage="100% (2/2)"/>
						<line number="17" hits="1"/>
						<line number="18" hits="1"/>
						<line number="20" hits="1"/>
						<line number="21" hits="1" branch="true" condition-coverage="100% (2/2)"/>
						<line number="22" hits="1"/>
						<line number="23" hits="1"/>
						<line number="25" hits="1"/>
						<line number="26" hits="1" branch="true" condition-coverage="100% (2/2)"/>
						<line number="27" hits="1"/>
						<line number="28" hits="1"/>
						<line number="30" hits="1"/>
						<line number="32" hits="1"/>
						<line number="33" hits="1" branch="true" condition-coverage="50% (1/2)" missing-branches="34"/>
						<line number="34" hits="0"/>
						<line number="35" hits="0"/>
						<line number="37" hits="1" branch="true" condition-coverage="50% (1/2)" missing-branches="38"/>
						<line number="38" hits="0"/>
						<line number="39" hits="1"/>
						<line number="41" hits="1" branch="true" condition-coverage="100% (2/2)"/>
						<line number="47" hits="1"/>
						<line number="48" hits="1"/>
						<line number="50" hits="1"/>
						<line number="51" hits="1" branch="true" condition-coverage="100% (2/2)"/>
						<line number="52" hits="1"/>
						<line number="54" hits="1"/>
						<line number="55" hits="1"/>
						<line number="56" hits="1"/>
					</lines>
				</class>
				<class name="on_disk_storage.py" filename="policyengine_core/data_storage/on_disk_storage.py" complexity="0" line-rate="0.9365" branch-rate="0.8077">
					<methods/>
					<lines>
						<line number="1" hits="1"/>
						<line number="2" hits="1"/>
						<line number="4" hits="1"/>
						<line number="6" hits="1"/>
						<line number="7" hits="1"/>
						<line number="10" hits="1"/>
						<line number="15" hits="1"/>
						<line number="18" hits="1"/>
						<line number="19" hits="1"/>
						<line number="20" hits="1"/>
						<line number="21" hits="1"/>
						<line number="22" hits="1"/>
						<line number="24" hits="1"/>
						<line number="25" hits="1"/>
						<line number="26" hits="1" branch="true" condition-coverage="100% (2/2)"/>
						<line number="27" hits="1"/>
						<line number="29" hits="1"/>
						<line number="31" hits="1"/>
						<line number="32" hits="1" branch="true" condition-coverage="100% (2/2)"/>
						<line number="33" hits="1"/>
						<line number="34" hits="1"/>
						<line number="36" hits="1"/>
						<line number="37" hits="1" branch="true" condition-coverage="100% (2/2)"/>
						<line number="38" hits="1"/>
						<line number="39" hits="1"/>
						<line number="41" hits="1"/>
						<line number="42" hits="1" branch="true" condition-coverage="100% (2/2)"/>
						<line number="43" hits="1"/>
						<line number="44" hits="1"/>
						<line number="46" hits="1"/>
						<line number="47" hits="1"/>
						<line number="48" hits="1" branch="true" condition-coverage="100% (2/2)"/>
						<line number="49" hits="1"/>
						<line number="50" hits="1"/>
						<line number="51" hits="1"/>
						<line number="52" hits="1"/>
						<line number="54" hits="1"/>
						<line number="55" hits="1" branch="true" condition-coverage="50% (1/2)" missing-branches="56"/>
						<line number="56" hits="0"/>
						<line number="57" hits="0"/>
						<line number="59" hits="1" branch="true" condition-coverage="50% (1/2)" missing-branches="60"/>
						<line number="60" hits="0"/>
						<line number="61" hits="1"/>
						<line number="63" hits="1" branch="true" condition-coverage="50% (1/2)" missing-branches="exit"/>
						<line number="64" hits="1" branch="true" condition-coverage="100% (2/2)"/>
						<line number="70" hits="1"/>
						<line number="71" hits="1"/>
						<line number="73" hits="1"/>
						<line number="74" hits="1"/>
						<line number="76" hits="1" branch="true" condition-coverage="100% (2/2)"/>
						<line number="77" hits="1" branch="true" condition-coverage="50% (1/2)" missing-branches="78"/>
						<line number="78" hits="0"/>
						<line number="79" hits="1"/>
						<line number="80" hits="1"/>
						<line number="81" hits="1"/>
						<line number="82" hits="1"/>
						<line number="84" hits="1"/>
						<line number="85" hits="1" branch="true" condition-coverage="100% (2/2)"/>
						<line number="86" hits="1"/>
						<line number="87" hits="1"/>
						<line number="89" hits="1"/>
						<line number="90" hits="1" branch="true" condition-coverage="50% (1/2)" missing-branches="exit"/>
						<line number="91" hits="1"/>
					</lines>
				</class>
			</classes>
		</package>
		<package name="policyengine_core.entities" line-rate="0.9688" branch-rate="0.9286" complexity="0">
			<classes>
				<class name="__init__.py" filename="policyengine_core/entities/__init__.py" complexity="0" line-rate="1" branch-rate="1">
					<methods/>
					<lines>
						<line number="24" hits="1"/>
						<line number="25" hits="1"/>
						<line number="26" hits="1"/>
						<line number="27" hits="1"/>
					</lines>
				</class>
				<class name="entity.py" filename="policyengine_core/entities/entity.py" complexity="0" line-rate="0.9565" branch-rate="0.75">
					<methods/>
					<lines>
						<line number="1" hits="1"/>
						<line number="2" hits="1"/>
						<line number="4" hits="1"/>
						<line number="7" hits="1"/>
						<line number="12" hits="1"/>
						<line number="13" hits="1"/>
						<line number="14" hits="1"/>
						<line number="15" hits="1"/>
						<line number="16" hits="1"/>
						<line number="17" hits="1"/>
						<line number="18" hits="1"/>
						<line number="20" hits="1"/>
						<line number="21" hits="1"/>
						<line number="23" hits="1"/>
						<line number="24" hits="1" branch="true" condition-coverage="50% (1/2)" missing-branches="25"/>
						<line number="25" hits="0"/>
						<line number="27" hits="1"/>
						<line number="28" hits="1"/>
						<line number="32" hits="1"/>
						<line number="33" hits="1"/>
						<line number="38" hits="1" branch="true" condition-coverage="100% (2/2)"/>
						<line number="39" hits="1"/>
						<line number="51" hits="1"/>
					</lines>
				</class>
				<class name="group_entity.py" filename="policyengine_core/entities/group_entity.py" complexity="0" line-rate="1" branch-rate="1">
					<methods/>
					<lines>
						<line number="1" hits="1"/>
						<line number="4" hits="1"/>
						<line number="26" hits="1"/>
						<line number="27" hits="1"/>
						<line number="28" hits="1"/>
						<line number="29" hits="1"/>
						<line number="30" hits="1" branch="true" condition-coverage="100% (2/2)"/>
						<line number="31" hits="1"/>
						<line number="32" hits="1"/>
						<line number="33" hits="1"/>
						<line number="34" hits="1" branch="true" condition-coverage="100% (2/2)"/>
						<line number="35" hits="1"/>
						<line number="36" hits="1" branch="true" condition-coverage="100% (2/2)"/>
						<line number="37" hits="1"/>
						<line number="38" hits="1"/>
						<line number="39" hits="1"/>
						<line number="40" hits="1"/>
						<line number="41" hits="1" branch="true" condition-coverage="100% (2/2)"/>
						<line number="44" hits="1"/>
						<line number="45" hits="1"/>
					</lines>
				</class>
				<class name="helpers.py" filename="policyengine_core/entities/helpers.py" complexity="0" line-rate="1" branch-rate="1">
					<methods/>
					<lines>
						<line number="1" hits="1"/>
						<line number="4" hits="1"/>
						<line number="14" hits="1" branch="true" condition-coverage="100% (2/2)"/>
						<line number="15" hits="1"/>
						<line number="17" hits="1"/>
					</lines>
				</class>
				<class name="role.py" filename="policyengine_core/entities/role.py" complexity="0" line-rate="0.9167" branch-rate="1">
					<methods/>
					<lines>
						<line number="1" hits="1"/>
						<line number="4" hits="1"/>
						<line number="5" hits="1"/>
						<line number="6" hits="1"/>
						<line number="7" hits="1"/>
						<line number="8" hits="1"/>
						<line number="9" hits="1"/>
						<line number="10" hits="1"/>
						<line number="11" hits="1"/>
						<line number="12" hits="1"/>
						<line number="14" hits="1"/>
						<line number="15" hits="0"/>
					</lines>
				</class>
			</classes>
		</package>
		<package name="policyengine_core.errors" line-rate="0.9625" branch-rate="0.75" complexity="0">
			<classes>
				<class name="__init__.py" filename="policyengine_core/errors/__init__.py" complexity="0" line-rate="1" branch-rate="1">
					<methods/>
					<lines>
						<line number="24" hits="1"/>
						<line number="25" hits="1"/>
						<line number="26" hits="1"/>
						<line number="27" hits="1"/>
						<line number="31" hits="1"/>
						<line number="32" hits="1"/>
						<line number="33" hits="1"/>
						<line number="34" hits="1"/>
						<line number="35" hits="1"/>
						<line number="39" hits="1"/>
					</lines>
				</class>
				<class name="cycle_error.py" filename="policyengine_core/errors/cycle_error.py" complexity="0" line-rate="1" branch-rate="1">
					<methods/>
					<lines>
						<line number="1" hits="1"/>
						<line number="4" hits="1"/>
					</lines>
				</class>
				<class name="empty_argument_error.py" filename="policyengine_core/errors/empty_argument_error.py" complexity="0" line-rate="1" branch-rate="1">
					<methods/>
					<lines>
						<line number="1" hits="1"/>
						<line number="2" hits="1"/>
						<line number="3" hits="1"/>
						<line number="5" hits="1"/>
						<line number="8" hits="1"/>
						<line number="11" hits="1"/>
						<line number="13" hits="1"/>
						<line number="20" hits="1"/>
						<line number="35" hits="1"/>
						<line number="36" hits="1" branch="true" condition-coverage="100% (2/2)"/>
						<line number="37" hits="1"/>
						<line number="38" hits="1"/>
					</lines>
				</class>
				<class name="nan_creation_error.py" filename="policyengine_core/errors/nan_creation_error.py" complexity="0" line-rate="1" branch-rate="1">
					<methods/>
					<lines>
						<line number="1" hits="1"/>
						<line number="4" hits="1"/>
					</lines>
				</class>
				<class name="parameter_not_found_error.py" filename="policyengine_core/errors/parameter_not_found_error.py" complexity="0" line-rate="0.9" branch-rate="0.5">
					<methods/>
					<lines>
						<line number="1" hits="1"/>
						<line number="6" hits="1"/>
						<line number="12" hits="1"/>
						<line number="13" hits="1"/>
						<line number="14" hits="1"/>
						<line number="15" hits="1"/>
						<line number="16" hits="1" branch="true" condition-coverage="50% (1/2)" missing-branches="17"/>
						<line number="17" hits="0"/>
						<line number="18" hits="1"/>
						<line number="21" hits="1"/>
					</lines>
				</class>
				<class name="parameter_parsing_error.py" filename="policyengine_core/errors/parameter_parsing_error.py" complexity="0" line-rate="1" branch-rate="0.75">
					<methods/>
					<lines>
						<line number="1" hits="1"/>
						<line number="4" hits="1"/>
						<line number="9" hits="1"/>
						<line number="15" hits="1" branch="true" condition-coverage="50% (1/2)" missing-branches="19"/>
						<line number="16" hits="1"/>
						<line number="19" hits="1" branch="true" condition-coverage="100% (2/2)"/>
						<line number="20" hits="1"/>
						<line number="21" hits="1"/>
					</lines>
				</class>
				<class name="period_mismatch_error.py" filename="policyengine_core/errors/period_mismatch_error.py" complexity="0" line-rate="1" branch-rate="1">
					<methods/>
					<lines>
						<line number="1" hits="1"/>
						<line number="6" hits="1"/>
						<line number="7" hits="1"/>
						<line number="8" hits="1"/>
						<line number="9" hits="1"/>
						<line number="10" hits="1"/>
						<line number="11" hits="1"/>
					</lines>
				</class>
				<class name="situation_parsing_error.py" filename="policyengine_core/errors/situation_parsing_error.py" complexity="0" line-rate="0.9167" branch-rate="1">
					<methods/>
					<lines>
						<line number="1" hits="1"/>
						<line number="3" hits="1"/>
						<line number="6" hits="1"/>
						<line number="11" hits="1"/>
						<line number="12" hits="1"/>
						<line number="13" hits="1" branch="true" condition-coverage="100% (2/2)"/>
						<line number="14" hits="1"/>
						<line number="15" hits="1"/>
						<line number="16" hits="1"/>
						<line number="17" hits="1"/>
						<line number="19" hits="1"/>
						<line number="20" hits="0"/>
					</lines>
				</class>
				<class name="spiral_error.py" filename="policyengine_core/errors/spiral_error.py" complexity="0" line-rate="1" branch-rate="1">
					<methods/>
					<lines>
						<line number="1" hits="1"/>
						<line number="4" hits="1"/>
					</lines>
				</class>
				<class name="variable_name_config_error.py" filename="policyengine_core/errors/variable_name_config_error.py" complexity="0" line-rate="1" branch-rate="1">
					<methods/>
					<lines>
						<line number="1" hits="1"/>
						<line number="6" hits="1"/>
					</lines>
				</class>
				<class name="variable_not_found_error.py" filename="policyengine_core/errors/variable_not_found_error.py" complexity="0" line-rate="0.9231" branch-rate="0.5">
					<methods/>
					<lines>
						<line number="1" hits="1"/>
						<line number="4" hits="1"/>
						<line number="9" hits="1"/>
						<line number="14" hits="1"/>
						<line number="15" hits="1"/>
						<line number="16" hits="1"/>
						<line number="17" hits="1" branch="true" condition-coverage="50% (1/2)" missing-branches="22"/>
						<line number="18" hits="1"/>
						<line number="22" hits="0"/>
						<line number="23" hits="1"/>
						<line number="38" hits="1"/>
						<line number="39" hits="1"/>
						<line number="40" hits="1"/>
					</lines>
				</class>
			</classes>
		</package>
		<package name="policyengine_core.experimental" line-rate="0.9231" branch-rate="0.5" complexity="0">
			<classes>
				<class name="__init__.py" filename="policyengine_core/experimental/__init__.py" complexity="0" line-rate="1" branch-rate="1">
					<methods/>
					<lines>
						<line number="24" hits="1"/>
					</lines>
				</class>
				<class name="memory_config.py" filename="policyengine_core/experimental/memory_config.py" complexity="0" line-rate="0.9167" branch-rate="0.5">
					<methods/>
					<lines>
						<line number="1" hits="1"/>
						<line number="3" hits="1"/>
						<line number="6" hits="1"/>
						<line number="7" hits="1"/>
						<line number="13" hits="1"/>
						<line number="18" hits="1"/>
						<line number="20" hits="1"/>
						<line number="21" hits="1" branch="true" condition-coverage="50% (1/2)" missing-branches="22"/>
						<line number="22" hits="0"/>
						<line number="23" hits="1"/>
						<line number="24" hits="1"/>
						<line number="27" hits="1"/>
					</lines>
				</class>
			</classes>
		</package>
		<package name="policyengine_core.extension_template" line-rate="1" branch-rate="1" complexity="0">
			<classes>
				<class name="__init__.py" filename="policyengine_core/extension_template/__init__.py" complexity="0" line-rate="1" branch-rate="1">
					<methods/>
					<lines/>
				</class>
				<class name="local_benefit.py" filename="policyengine_core/extension_template/local_benefit.py" complexity="0" line-rate="1" branch-rate="1">
					<methods/>
					<lines>
						<line number="11" hits="1"/>
						<line number="12" hits="1"/>
						<line number="13" hits="1"/>
						<line number="16" hits="1"/>
						<line number="17" hits="1"/>
						<line number="18" hits="1"/>
						<line number="19" hits="1"/>
						<line number="20" hits="1"/>
						<line number="22" hits="1"/>
						<line number="29" hits="1"/>
						<line number="30" hits="1"/>
						<line number="32" hits="1"/>
					</lines>
				</class>
			</classes>
		</package>
		<package name="policyengine_core.holders" line-rate="0.9012" branch-rate="0.8" complexity="0">
			<classes>
				<class name="__init__.py" filename="policyengine_core/holders/__init__.py" complexity="0" line-rate="1" branch-rate="1">
					<methods/>
					<lines>
						<line number="24" hits="1"/>
						<line number="28" hits="1"/>
					</lines>
				</class>
				<class name="helpers.py" filename="policyengine_core/holders/helpers.py" complexity="0" line-rate="0.82" branch-rate="0.6154">
					<methods/>
					<lines>
						<line number="1" hits="1"/>
						<line number="3" hits="1"/>
						<line number="5" hits="1"/>
						<line number="7" hits="1"/>
						<line number="10" hits="1"/>
						<line number="18" hits="1"/>
						<line number="20" hits="1"/>
						<line number="21" hits="1"/>
						<line number="23" hits="1" branch="true" condition-coverage="50% (1/2)" missing-branches="25"/>
						<line number="24" hits="1"/>
						<line number="25" hits="0" branch="true" condition-coverage="0% (0/2)" missing-branches="26,28"/>
						<line number="26" hits="0"/>
						<line number="28" hits="0"/>
						<line number="32" hits="1"/>
						<line number="35" hits="1"/>
						<line number="36" hits="1" branch="true" condition-coverage="100% (2/2)"/>
						<line number="37" hits="1"/>
						<line number="38" hits="1" branch="true" condition-coverage="50% (1/2)" missing-branches="43"/>
						<line number="39" hits="1"/>
						<line number="43" hits="0"/>
						<line number="44" hits="1"/>
						<line number="47" hits="1"/>
						<line number="55" hits="1" branch="true" condition-coverage="100% (2/2)"/>
						<line number="56" hits="1"/>
						<line number="57" hits="1"/>
						<line number="58" hits="1"/>
						<line number="60" hits="1" branch="true" condition-coverage="50% (1/2)" missing-branches="62"/>
						<line number="61" hits="1"/>
						<line number="62" hits="0" branch="true" condition-coverage="0% (0/2)" missing-branches="63,65"/>
						<line number="63" hits="0"/>
						<line number="65" hits="0"/>
						<line number="69" hits="1"/>
						<line number="72" hits="1"/>
						<line number="73" hits="1"/>
						<line number="74" hits="1"/>
						<line number="75" hits="1" branch="true" condition-coverage="100% (2/2)"/>
						<line number="76" hits="1"/>
						<line number="77" hits="1" branch="true" condition-coverage="100% (2/2)"/>
						<line number="78" hits="1"/>
						<line number="80" hits="1"/>
						<line number="81" hits="1"/>
						<line number="84" hits="1" branch="true" condition-coverage="50% (1/2)" missing-branches="91"/>
						<line number="85" hits="1"/>
						<line number="86" hits="1"/>
						<line number="87" hits="1" branch="true" condition-coverage="100% (2/2)"/>
						<line number="88" hits="1" branch="true" condition-coverage="100% (2/2)"/>
						<line number="89" hits="1"/>
						<line number="90" hits="1"/>
						<line number="91" hits="0" branch="true" condition-coverage="0% (0/2)" missing-branches="exit,92"/>
						<line number="92" hits="0"/>
					</lines>
				</class>
				<class name="holder.py" filename="policyengine_core/holders/holder.py" complexity="0" line-rate="0.9364" branch-rate="0.8889">
					<methods/>
					<lines>
						<line number="1" hits="1"/>
						<line number="2" hits="1"/>
						<line number="4" hits="1"/>
						<line number="5" hits="1"/>
						<line number="7" hits="1"/>
						<line number="8" hits="1"/>
						<line number="9" hits="1"/>
						<line number="10" hits="1"/>
						<line number="13" hits="1"/>
						<line number="18" hits="1"/>
						<line number="19" hits="1"/>
						<line number="20" hits="1"/>
						<line number="21" hits="1"/>
						<line number="22" hits="1"/>
						<line number="27" hits="1"/>
						<line number="28" hits="1"/>
						<line number="29" hits="1"/>
						<line number="30" hits="1" branch="true" condition-coverage="100% (2/2)"/>
						<line number="31" hits="1" branch="true" condition-coverage="50% (1/2)" missing-branches="37"/>
						<line number="35" hits="1"/>
						<line number="36" hits="1"/>
						<line number="37" hits="1" branch="true" condition-coverage="100% (2/2)"/>
						<line number="41" hits="1"/>
						<line number="43" hits="1"/>
						<line number="47" hits="1"/>
						<line number="48" hits="1"/>
						<line number="50" hits="1" branch="true" condition-coverage="100% (2/2)"/>
						<line number="51" hits="1" branch="true" condition-coverage="100% (2/2)"/>
						<line number="52" hits="1"/>
						<line number="54" hits="1"/>
						<line number="55" hits="1"/>
						<line number="57" hits="1"/>
						<line number="59" hits="1"/>
						<line number="60" hits="1" branch="true" condition-coverage="100% (2/2)"/>
						<line number="61" hits="1"/>
						<line number="62" hits="1"/>
						<line number="63" hits="1" branch="true" condition-coverage="50% (1/2)" missing-branches="65"/>
						<line number="64" hits="1"/>
						<line number="65" hits="1"/>
						<line number="71" hits="1"/>
						<line number="78" hits="1"/>
						<line number="79" hits="1" branch="true" condition-coverage="100% (2/2)"/>
						<line number="80" hits="1"/>
						<line number="82" hits="1"/>
						<line number="88" hits="1" branch="true" condition-coverage="100% (2/2)"/>
						<line number="89" hits="1"/>
						<line number="90" hits="1"/>
						<line number="91" hits="1" branch="true" condition-coverage="100% (2/2)"/>
						<line number="92" hits="1"/>
						<line number="93" hits="1" branch="true" condition-coverage="100% (2/2)"/>
						<line number="94" hits="1"/>
						<line number="96" hits="1"/>
						<line number="117" hits="1"/>
						<line number="121" hits="1"/>
						<line number="123" hits="1" branch="true" condition-coverage="100% (2/2)"/>
						<line number="124" hits="1"/>
						<line number="127" hits="1"/>
						<line number="137" hits="1"/>
						<line number="139" hits="1"/>
						<line number="144" hits="1"/>
						<line number="152" hits="1"/>
						<line number="169" hits="1"/>
						<line number="170" hits="1" branch="true" condition-coverage="50% (1/2)" missing-branches="174"/>
						<line number="174" hits="0"/>
						<line number="180" hits="0"/>
						<line number="186" hits="1" branch="true" condition-coverage="100% (2/2)"/>
						<line number="187" hits="1"/>
						<line number="190" hits="1"/>
						<line number="191" hits="1" branch="true" condition-coverage="50% (1/2)" missing-branches="192"/>
						<line number="192" hits="0"/>
						<line number="193" hits="1" branch="true" condition-coverage="100% (2/2)"/>
						<line number="194" hits="1"/>
						<line number="195" hits="1"/>
						<line number="197" hits="1"/>
						<line number="198" hits="1" branch="true" condition-coverage="100% (2/2)"/>
						<line number="199" hits="1"/>
						<line number="200" hits="1" branch="true" condition-coverage="100% (2/2)"/>
						<line number="202" hits="1"/>
						<line number="203" hits="1" branch="true" condition-coverage="100% (2/2)"/>
						<line number="204" hits="1"/>
						<line number="213" hits="1" branch="true" condition-coverage="100% (2/2)"/>
						<line number="214" hits="1"/>
						<line number="215" hits="1" branch="true" condition-coverage="100% (2/2)"/>
						<line number="216" hits="1"/>
						<line number="217" hits="1"/>
						<line number="218" hits="0"/>
						<line number="219" hits="0"/>
						<line number="227" hits="1"/>
						<line number="229" hits="1"/>
						<line number="230" hits="1"/>
						<line number="231" hits="1" branch="true" condition-coverage="100% (2/2)"/>
						<line number="232" hits="1" branch="true" condition-coverage="50% (1/2)" missing-branches="233"/>
						<line number="233" hits="0"/>
						<line number="236" hits="1" branch="true" condition-coverage="100% (2/2)"/>
						<line number="240" hits="1"/>
						<line number="241" hits="1"/>
						<line number="246" hits="1"/>
						<line number="254" hits="1"/>
						<line number="261" hits="1"/>
						<line number="268" hits="1" branch="true" condition-coverage="100% (2/2)"/>
						<line number="269" hits="1"/>
						<line number="271" hits="1"/>
						<line number="273" hits="1"/>
						<line number="274" hits="1" branch="true" condition-coverage="50% (1/2)" missing-branches="275"/>
						<line number="275" hits="0"/>
						<line number="277" hits="1" branch="true" condition-coverage="100% (2/2)"/>
						<line number="283" hits="1"/>
						<line number="285" hits="1"/>
						<line number="287" hits="1"/>
						<line number="292" hits="1"/>
					</lines>
				</class>
			</classes>
		</package>
		<package name="policyengine_core.indexed_enums" line-rate="0.9231" branch-rate="0.8636" complexity="0">
			<classes>
				<class name="__init__.py" filename="policyengine_core/indexed_enums/__init__.py" complexity="0" line-rate="1" branch-rate="1">
					<methods/>
					<lines>
						<line number="24" hits="1"/>
						<line number="25" hits="1"/>
						<line number="26" hits="1"/>
					</lines>
				</class>
				<class name="config.py" filename="policyengine_core/indexed_enums/config.py" complexity="0" line-rate="1" branch-rate="1">
					<methods/>
					<lines>
						<line number="1" hits="1"/>
						<line number="3" hits="1"/>
					</lines>
				</class>
				<class name="enum.py" filename="policyengine_core/indexed_enums/enum.py" complexity="0" line-rate="1" branch-rate="0.9167">
					<methods/>
					<lines>
						<line number="1" hits="1"/>
						<line number="3" hits="1"/>
						<line number="4" hits="1"/>
						<line number="6" hits="1"/>
						<line number="8" hits="1"/>
						<line number="11" hits="1"/>
						<line number="18" hits="1"/>
						<line number="22" hits="1"/>
						<line number="25" hits="1"/>
						<line number="29" hits="1"/>
						<line number="31" hits="1"/>
						<line number="32" hits="1"/>
						<line number="60" hits="1" branch="true" condition-coverage="100% (2/2)"/>
						<line number="61" hits="1"/>
						<line number="64" hits="1" branch="true" condition-coverage="100% (2/2)"/>
						<line number="65" hits="1" branch="true" condition-coverage="100% (2/2)"/>
						<line number="71" hits="1" branch="true" condition-coverage="100% (2/2)"/>
						<line number="83" hits="1" branch="true" condition-coverage="50% (1/2)" missing-branches="86"/>
						<line number="84" hits="1"/>
						<line number="86" hits="1" branch="true" condition-coverage="100% (2/2)"/>
						<line number="90" hits="1"/>
					</lines>
				</class>
				<class name="enum_array.py" filename="policyengine_core/indexed_enums/enum_array.py" complexity="0" line-rate="0.8718" branch-rate="0.8">
					<methods/>
					<lines>
						<line number="1" hits="1"/>
						<line number="3" hits="1"/>
						<line number="4" hits="1"/>
						<line number="6" hits="1"/>
						<line number="8" hits="1" branch="true" condition-coverage="50% (1/2)" missing-branches="9"/>
						<line number="9" hits="0"/>
						<line number="12" hits="1"/>
						<line number="22" hits="1"/>
						<line number="27" hits="1"/>
						<line number="28" hits="1"/>
						<line number="29" hits="1"/>
						<line number="32" hits="1"/>
						<line number="33" hits="1" branch="true" condition-coverage="50% (1/2)" missing-branches="34"/>
						<line number="34" hits="0"/>
						<line number="36" hits="1"/>
						<line number="38" hits="1"/>
						<line number="41" hits="1" branch="true" condition-coverage="100% (2/2)"/>
						<line number="44" hits="1"/>
						<line number="46" hits="1"/>
						<line number="48" hits="1"/>
						<line number="49" hits="0"/>
						<line number="51" hits="1"/>
						<line number="52" hits="0"/>
						<line number="57" hits="1"/>
						<line number="58" hits="1"/>
						<line number="59" hits="1"/>
						<line number="60" hits="1"/>
						<line number="61" hits="1"/>
						<line number="62" hits="1"/>
						<line number="63" hits="1"/>
						<line number="64" hits="1"/>
						<line number="66" hits="1"/>
						<line number="80" hits="1" branch="true" condition-coverage="100% (2/2)"/>
						<line number="85" hits="1"/>
						<line number="97" hits="1" branch="true" condition-coverage="100% (2/2)"/>
						<line number="102" hits="1"/>
						<line number="103" hits="1"/>
						<line number="105" hits="1"/>
						<line number="106" hits="0"/>
					</lines>
				</class>
			</classes>
		</package>
		<package name="policyengine_core.parameters" line-rate="0.9114" branch-rate="0.8075" complexity="0">
			<classes>
				<class name="__init__.py" filename="policyengine_core/parameters/__init__.py" complexity="0" line-rate="1" branch-rate="1">
					<methods/>
					<lines>
						<line number="24" hits="1"/>
						<line number="30" hits="1"/>
						<line number="38" hits="1"/>
						<line number="39" hits="1"/>
						<line number="40" hits="1"/>
						<line number="41" hits="1"/>
						<line number="42" hits="1"/>
						<line number="45" hits="1"/>
						<line number="46" hits="1"/>
						<line number="47" hits="1"/>
						<line number="51" hits="1"/>
						<line number="55" hits="1"/>
					</lines>
				</class>
				<class name="at_instant_like.py" filename="policyengine_core/parameters/at_instant_like.py" complexity="0" line-rate="0.9091" branch-rate="1">
					<methods/>
					<lines>
						<line number="1" hits="1"/>
						<line number="3" hits="1"/>
						<line number="6" hits="1"/>
						<line number="11" hits="1"/>
						<line number="12" hits="1"/>
						<line number="14" hits="1"/>
						<line number="15" hits="1"/>
						<line number="16" hits="1"/>
						<line number="18" hits="1"/>
						<line number="19" hits="1"/>
						<line number="20" hits="0"/>
					</lines>
				</class>
				<class name="config.py" filename="policyengine_core/parameters/config.py" complexity="0" line-rate="0.8333" branch-rate="0.8333">
					<methods/>
					<lines>
						<line number="1" hits="1"/>
						<line number="2" hits="1"/>
						<line number="3" hits="1"/>
						<line number="4" hits="1"/>
						<line number="5" hits="1"/>
						<line number="8" hits="1"/>
						<line number="9" hits="1"/>
						<line number="10" hits="0"/>
						<line number="11" hits="0"/>
						<line number="17" hits="0"/>
						<line number="18" hits="0"/>
						<line number="22" hits="1"/>
						<line number="23" hits="1"/>
						<line number="24" hits="1"/>
						<line number="27" hits="1"/>
						<line number="28" hits="1"/>
						<line number="31" hits="1"/>
						<line number="36" hits="1"/>
						<line number="37" hits="1" branch="true" condition-coverage="100% (2/2)"/>
						<line number="39" hits="1" branch="true" condition-coverage="100% (2/2)"/>
						<line number="40" hits="1" branch="true" condition-coverage="50% (1/2)" missing-branches="exit"/>
						<line number="41" hits="1"/>
						<line number="45" hits="1"/>
						<line number="48" hits="1"/>
					</lines>
				</class>
				<class name="helpers.py" filename="policyengine_core/parameters/helpers.py" complexity="0" line-rate="0.9286" branch-rate="0.8857">
					<methods/>
					<lines>
						<line number="1" hits="1"/>
						<line number="2" hits="1"/>
						<line number="4" hits="1"/>
						<line number="6" hits="1"/>
						<line number="7" hits="1"/>
						<line number="8" hits="1"/>
						<line number="11" hits="1"/>
						<line number="12" hits="1" branch="true" condition-coverage="100% (2/2)"/>
						<line number="13" hits="1" branch="true" condition-coverage="100% (2/2)"/>
						<line number="15" hits="1"/>
						<line number="18" hits="1"/>
						<line number="24" hits="1" branch="true" condition-coverage="50% (1/2)" missing-branches="25"/>
						<line number="25" hits="0"/>
						<line number="26" hits="1" branch="true" condition-coverage="50% (1/2)" missing-branches="27"/>
						<line number="27" hits="0"/>
						<line number="28" hits="1"/>
						<line number="29" hits="1"/>
						<line number="32" hits="1"/>
						<line number="33" hits="1" branch="true" condition-coverage="100% (2/2)"/>
						<line number="34" hits="1"/>
						<line number="35" hits="1" branch="true" condition-coverage="100% (2/2)"/>
						<line number="36" hits="1"/>
						<line number="37" hits="1" branch="true" condition-coverage="50% (1/2)" missing-branches="exit"/>
						<line number="38" hits="1"/>
						<line number="41" hits="1"/>
						<line number="42" hits="1"/>
						<line number="43" hits="1"/>
						<line number="44" hits="1"/>
						<line number="45" hits="1" branch="true" condition-coverage="50% (1/2)" missing-branches="55"/>
						<line number="49" hits="1"/>
						<line number="50" hits="1"/>
						<line number="55" hits="0"/>
						<line number="56" hits="0"/>
						<line number="57" hits="1"/>
						<line number="64" hits="1"/>
						<line number="65" hits="1" branch="true" condition-coverage="100% (2/2)"/>
						<line number="66" hits="1"/>
						<line number="67" hits="1" branch="true" condition-coverage="100% (2/2)"/>
						<line number="68" hits="1"/>
						<line number="69" hits="1" branch="true" condition-coverage="100% (3/3)"/>
						<line number="72" hits="1"/>
						<line number="74" hits="1"/>
						<line number="79" hits="1"/>
						<line number="80" hits="1" branch="true" condition-coverage="100% (2/2)"/>
						<line number="81" hits="1"/>
						<line number="82" hits="1" branch="true" condition-coverage="100% (2/2)"/>
						<line number="83" hits="1"/>
						<line number="86" hits="1"/>
						<line number="87" hits="1"/>
						<line number="92" hits="1" branch="true" condition-coverage="100% (2/2)"/>
						<line number="93" hits="1"/>
						<line number="100" hits="1" branch="true" condition-coverage="100% (2/2)"/>
						<line number="101" hits="1"/>
						<line number="102" hits="1" branch="true" condition-coverage="100% (2/2)"/>
						<line number="103" hits="1" branch="true" condition-coverage="100% (2/2)"/>
						<line number="104" hits="1"/>
					</lines>
				</class>
				<class name="parameter.py" filename="policyengine_core/parameters/parameter.py" complexity="0" line-rate="0.9149" branch-rate="0.8158">
					<methods/>
					<lines>
						<line number="1" hits="1"/>
						<line number="3" hits="1"/>
						<line number="5" hits="1"/>
						<line number="6" hits="1"/>
						<line number="8" hits="1"/>
						<line number="9" hits="1"/>
						<line number="10" hits="1"/>
						<line number="18" hits="1"/>
						<line number="51" hits="1"/>
						<line number="54" hits="1"/>
						<line number="55" hits="1"/>
						<line number="56" hits="1"/>
						<line number="57" hits="1"/>
						<line number="58" hits="1"/>
						<line number="59" hits="1"/>
						<line number="60" hits="1"/>
						<line number="63" hits="1" branch="true" condition-coverage="100% (2/2)"/>
						<line number="65" hits="1"/>
						<line number="68" hits="1"/>
						<line number="70" hits="1"/>
						<line number="71" hits="1"/>
						<line number="73" hits="1"/>
						<line number="74" hits="1"/>
						<line number="76" hits="1"/>
						<line number="79" hits="1"/>
						<line number="81" hits="1"/>
						<line number="85" hits="1"/>
						<line number="86" hits="1" branch="true" condition-coverage="100% (2/2)"/>
						<line number="87" hits="1" branch="true" condition-coverage="100% (2/2)"/>
						<line number="88" hits="1"/>
						<line number="95" hits="1"/>
						<line number="98" hits="1" branch="true" condition-coverage="50% (1/2)" missing-branches="103"/>
						<line number="103" hits="0"/>
						<line number="105" hits="1"/>
						<line number="106" hits="1"/>
						<line number="113" hits="1"/>
						<line number="115" hits="1"/>
						<line number="117" hits="1"/>
						<line number="118" hits="1" branch="true" condition-coverage="100% (2/2)"/>
						<line number="128" hits="1"/>
						<line number="129" hits="1"/>
						<line number="133" hits="1"/>
						<line number="134" hits="1"/>
						<line number="135" hits="1"/>
						<line number="137" hits="1"/>
						<line number="138" hits="1" branch="true" condition-coverage="100% (2/2)"/>
						<line number="142" hits="1"/>
						<line number="144" hits="1"/>
						<line number="153" hits="1" branch="true" condition-coverage="50% (1/2)" missing-branches="154"/>
						<line number="154" hits="0" branch="true" condition-coverage="0% (0/2)" missing-branches="155,158"/>
						<line number="155" hits="0"/>
						<line number="158" hits="0" branch="true" condition-coverage="0% (0/2)" missing-branches="159,160"/>
						<line number="159" hits="0"/>
						<line number="160" hits="0"/>
						<line number="161" hits="0"/>
						<line number="162" hits="1" branch="true" condition-coverage="50% (1/2)" missing-branches="163"/>
						<line number="163" hits="0"/>
						<line number="164" hits="1"/>
						<line number="165" hits="1"/>
						<line number="167" hits="1"/>
						<line number="168" hits="1"/>
						<line number="169" hits="1"/>
						<line number="170" hits="1"/>
						<line number="173" hits="1" branch="true" condition-coverage="100% (2/2)"/>
						<line number="174" hits="1" branch="true" condition-coverage="100% (2/2)"/>
						<line number="175" hits="1"/>
						<line number="176" hits="1"/>
						<line number="179" hits="1" branch="true" condition-coverage="100% (2/2)"/>
						<line number="180" hits="1" branch="true" condition-coverage="100% (2/2)"/>
						<line number="181" hits="1"/>
						<line number="183" hits="1" branch="true" condition-coverage="100% (2/2)"/>
						<line number="184" hits="1"/>
						<line number="185" hits="1"/>
						<line number="188" hits="1"/>
						<line number="191" hits="1"/>
						<line number="193" hits="1"/>
						<line number="196" hits="1"/>
						<line number="199" hits="1"/>
						<line number="202" hits="1"/>
						<line number="203" hits="1"/>
						<line number="206" hits="1"/>
						<line number="209" hits="1" branch="true" condition-coverage="100% (2/2)"/>
						<line number="210" hits="1"/>
						<line number="213" hits="1" branch="true" condition-coverage="100% (2/2)"/>
						<line number="214" hits="1"/>
						<line number="215" hits="1"/>
						<line number="217" hits="1"/>
						<line number="219" hits="1"/>
						<line number="220" hits="1"/>
						<line number="222" hits="1"/>
						<line number="223" hits="1" branch="true" condition-coverage="100% (2/2)"/>
						<line number="224" hits="1" branch="true" condition-coverage="100% (2/2)"/>
						<line number="225" hits="1"/>
						<line number="226" hits="1"/>
					</lines>
				</class>
				<class name="parameter_at_instant.py" filename="policyengine_core/parameters/parameter_at_instant.py" complexity="0" line-rate="0.9737" branch-rate="1">
					<methods/>
					<lines>
						<line number="1" hits="1"/>
						<line number="2" hits="1"/>
						<line number="4" hits="1"/>
						<line number="5" hits="1"/>
						<line number="6" hits="1"/>
						<line number="9" hits="1"/>
						<line number="15" hits="1"/>
						<line number="17" hits="1"/>
						<line number="25" hits="1"/>
						<line number="26" hits="1"/>
						<line number="27" hits="1"/>
						<line number="28" hits="1"/>
						<line number="31" hits="1" branch="true" condition-coverage="100% (2/2)"/>
						<line number="34" hits="1"/>
						<line number="35" hits="1"/>
						<line number="37" hits="1"/>
						<line number="38" hits="1"/>
						<line number="40" hits="1" branch="true" condition-coverage="100% (2/2)"/>
						<line number="41" hits="1"/>
						<line number="42" hits="1"/>
						<line number="43" hits="1"/>
						<line number="45" hits="1"/>
						<line number="46" hits="1"/>
						<line number="49" hits="1"/>
						<line number="50" hits="1"/>
						<line number="51" hits="1"/>
						<line number="52" hits="1"/>
						<line number="56" hits="1" branch="true" condition-coverage="100% (2/2)"/>
						<line number="57" hits="1"/>
						<line number="64" hits="1"/>
						<line number="65" hits="1"/>
						<line number="71" hits="1"/>
						<line number="72" hits="0"/>
						<line number="74" hits="1"/>
						<line number="75" hits="1"/>
						<line number="76" hits="1"/>
						<line number="77" hits="1"/>
						<line number="78" hits="1"/>
					</lines>
				</class>
				<class name="parameter_node.py" filename="policyengine_core/parameters/parameter_node.py" complexity="0" line-rate="0.9744" branch-rate="0.9">
					<methods/>
					<lines>
						<line number="1" hits="1"/>
						<line number="3" hits="1"/>
						<line number="4" hits="1"/>
						<line number="5" hits="1"/>
						<line number="7" hits="1"/>
						<line number="8" hits="1"/>
						<line number="11" hits="1"/>
						<line number="16" hits="1"/>
						<line number="20" hits="1"/>
						<line number="53" hits="1"/>
						<line number="54" hits="1"/>
						<line number="58" hits="1"/>
						<line number="59" hits="1"/>
						<line number="60" hits="1"/>
						<line number="61" hits="1"/>
						<line number="63" hits="1" branch="true" condition-coverage="100% (2/2)"/>
						<line number="64" hits="1"/>
						<line number="65" hits="1" branch="true" condition-coverage="100% (2/2)"/>
						<line number="66" hits="1"/>
						<line number="67" hits="1" branch="true" condition-coverage="100% (2/2)"/>
						<line number="68" hits="1"/>
						<line number="71" hits="1" branch="true" condition-coverage="100% (2/2)"/>
						<line number="72" hits="1"/>
						<line number="74" hits="1" branch="true" condition-coverage="100% (2/2)"/>
						<line number="75" hits="1"/>
						<line number="76" hits="1"/>
						<line number="79" hits="1"/>
						<line number="80" hits="1"/>
						<line number="81" hits="1"/>
						<line number="84" hits="1"/>
						<line number="86" hits="1"/>
						<line number="89" hits="1"/>
						<line number="92" hits="1"/>
						<line number="94" hits="1" branch="true" condition-coverage="50% (1/2)" missing-branches="65"/>
						<line number="95" hits="1"/>
						<line number="96" hits="1"/>
						<line number="99" hits="1"/>
						<line number="102" hits="1"/>
						<line number="105" hits="1"/>
						<line number="106" hits="1"/>
						<line number="109" hits="1"/>
						<line number="110" hits="1"/>
						<line number="111" hits="1"/>
						<line number="112" hits="1"/>
						<line number="113" hits="1" branch="true" condition-coverage="100% (2/2)"/>
						<line number="114" hits="1" branch="true" condition-coverage="100% (2/2)"/>
						<line number="115" hits="1"/>
						<line number="117" hits="1"/>
						<line number="118" hits="1"/>
						<line number="119" hits="1"/>
						<line number="122" hits="1"/>
						<line number="124" hits="1"/>
						<line number="130" hits="1" branch="true" condition-coverage="100% (2/2)"/>
						<line number="131" hits="1"/>
						<line number="133" hits="1"/>
						<line number="140" hits="1" branch="true" condition-coverage="50% (1/2)" missing-branches="141"/>
						<line number="141" hits="0"/>
						<line number="144" hits="1" branch="true" condition-coverage="50% (1/2)" missing-branches="149"/>
						<line number="149" hits="0"/>
						<line number="154" hits="1"/>
						<line number="155" hits="1"/>
						<line number="157" hits="1"/>
						<line number="158" hits="1" branch="true" condition-coverage="100% (2/2)"/>
						<line number="166" hits="1"/>
						<line number="168" hits="1"/>
						<line number="172" hits="1" branch="true" condition-coverage="100% (2/2)"/>
						<line number="173" hits="1"/>
						<line number="174" hits="1"/>
						<line number="176" hits="1"/>
						<line number="177" hits="1"/>
						<line number="178" hits="1"/>
						<line number="180" hits="1"/>
						<line number="181" hits="1" branch="true" condition-coverage="100% (2/2)"/>
						<line number="184" hits="1" branch="true" condition-coverage="100% (2/2)"/>
						<line number="185" hits="1"/>
						<line number="187" hits="1"/>
						<line number="189" hits="1"/>
						<line number="190" hits="1"/>
					</lines>
				</class>
				<class name="parameter_node_at_instant.py" filename="policyengine_core/parameters/parameter_node_at_instant.py" complexity="0" line-rate="0.875" branch-rate="0.6">
					<methods/>
					<lines>
						<line number="1" hits="1"/>
						<line number="2" hits="1"/>
						<line number="4" hits="1"/>
						<line number="6" hits="1"/>
						<line number="7" hits="1"/>
						<line number="8" hits="1"/>
						<line number="11" hits="1"/>
						<line number="16" hits="1"/>
						<line number="24" hits="1"/>
						<line number="25" hits="1"/>
						<line number="26" hits="1"/>
						<line number="28" hits="1" branch="true" condition-coverage="100% (2/2)"/>
						<line number="29" hits="1"/>
						<line number="30" hits="1" branch="true" condition-coverage="100% (2/2)"/>
						<line number="31" hits="1"/>
						<line number="33" hits="1"/>
						<line number="34" hits="1"/>
						<line number="35" hits="1"/>
						<line number="37" hits="1"/>
						<line number="38" hits="1"/>
						<line number="39" hits="1"/>
						<line number="41" hits="1"/>
						<line number="43" hits="1" branch="true" condition-coverage="100% (2/2)"/>
						<line number="44" hits="1"/>
						<line number="47" hits="1"/>
						<line number="49" hits="1"/>
						<line number="50" hits="1"/>
						<line number="52" hits="1"/>
						<line number="53" hits="0" branch="true" condition-coverage="0% (0/2)" missing-branches="exit,61"/>
						<line number="61" hits="0" branch="true" condition-coverage="0% (0/2)" missing-branches="62,63"/>
						<line number="62" hits="0"/>
						<line number="63" hits="0"/>
					</lines>
				</class>
				<class name="parameter_scale.py" filename="policyengine_core/parameters/parameter_scale.py" complexity="0" line-rate="0.8205" branch-rate="0.7">
					<methods/>
					<lines>
						<line number="1" hits="1"/>
						<line number="2" hits="1"/>
						<line number="3" hits="1"/>
						<line number="5" hits="1"/>
						<line number="6" hits="1"/>
						<line number="7" hits="1"/>
						<line number="8" hits="1"/>
						<line number="16" hits="1"/>
						<line number="22" hits="1"/>
						<line number="24" hits="1"/>
						<line number="30" hits="1"/>
						<line number="31" hits="1"/>
						<line number="32" hits="1"/>
						<line number="35" hits="1"/>
						<line number="36" hits="1"/>
						<line number="37" hits="1"/>
						<line number="38" hits="1"/>
						<line number="40" hits="1" branch="true" condition-coverage="100% (2/2)"/>
						<line number="41" hits="1"/>
						<line number="48" hits="1"/>
						<line number="49" hits="1" branch="true" condition-coverage="100% (2/2)"/>
						<line number="50" hits="1"/>
						<line number="51" hits="1"/>
						<line number="54" hits="1"/>
						<line number="55" hits="1"/>
						<line number="57" hits="1"/>
						<line number="58" hits="0" branch="true" condition-coverage="0% (0/2)" missing-branches="59,61"/>
						<line number="59" hits="0"/>
						<line number="61" hits="0"/>
						<line number="63" hits="1"/>
						<line number="64" hits="1" branch="true" condition-coverage="100% (2/2)"/>
						<line number="72" hits="1"/>
						<line number="73" hits="1"/>
						<line number="75" hits="1"/>
						<line number="76" hits="1"/>
						<line number="77" hits="1"/>
						<line number="79" hits="1" branch="true" condition-coverage="100% (2/2)"/>
						<line number="80" hits="1"/>
						<line number="82" hits="1"/>
						<line number="84" hits="1"/>
						<line number="85" hits="1" branch="true" condition-coverage="100% (2/2)"/>
						<line number="89" hits="1" branch="true" condition-coverage="100% (2/2)"/>
						<line number="90" hits="1"/>
						<line number="91" hits="1" branch="true" condition-coverage="100% (2/2)"/>
						<line number="92" hits="1" branch="true" condition-coverage="50% (1/2)" missing-branches="91"/>
						<line number="96" hits="1"/>
						<line number="97" hits="1"/>
						<line number="98" hits="1"/>
						<line number="99" hits="1"/>
						<line number="100" hits="1" branch="true" condition-coverage="100% (3/3)"/>
						<line number="101" hits="1"/>
						<line number="102" hits="1" branch="true" condition-coverage="100% (2/2)"/>
						<line number="103" hits="1" branch="true" condition-coverage="50% (1/2)" missing-branches="102"/>
						<line number="107" hits="1"/>
						<line number="108" hits="1"/>
						<line number="109" hits="1"/>
						<line number="110" hits="1"/>
						<line number="111" hits="1" branch="true" condition-coverage="66% (2/3)" missing-branches="112"/>
						<line number="112" hits="0"/>
						<line number="114" hits="0" branch="true" condition-coverage="0% (0/2)" missing-branches="115,126"/>
						<line number="115" hits="0" branch="true" condition-coverage="0% (0/2)" missing-branches="116,118"/>
						<line number="116" hits="0"/>
						<line number="118" hits="0"/>
						<line number="119" hits="0" branch="true" condition-coverage="0% (0/2)" missing-branches="114,123"/>
						<line number="123" hits="0"/>
						<line number="124" hits="0"/>
						<line number="125" hits="0"/>
						<line number="126" hits="0"/>
						<line number="128" hits="1"/>
						<line number="130" hits="1" branch="true" condition-coverage="100% (2/2)"/>
						<line number="131" hits="1" branch="true" condition-coverage="50% (1/2)" missing-branches="132"/>
						<line number="132" hits="0"/>
						<line number="134" hits="1"/>
						<line number="135" hits="1" branch="true" condition-coverage="100% (2/2)"/>
						<line number="139" hits="1"/>
						<line number="140" hits="1"/>
						<line number="141" hits="1"/>
						<line number="142" hits="1"/>
					</lines>
				</class>
				<class name="parameter_scale_bracket.py" filename="policyengine_core/parameters/parameter_scale_bracket.py" complexity="0" line-rate="1" branch-rate="1">
					<methods/>
					<lines>
						<line number="1" hits="1"/>
						<line number="4" hits="1"/>
						<line number="9" hits="1"/>
					</lines>
				</class>
				<class name="values_history.py" filename="policyengine_core/parameters/values_history.py" complexity="0" line-rate="1" branch-rate="1">
					<methods/>
					<lines>
						<line number="1" hits="1"/>
						<line number="4" hits="1"/>
						<line number="9" hits="1"/>
					</lines>
				</class>
				<class name="vectorial_parameter_node_at_instant.py" filename="policyengine_core/parameters/vectorial_parameter_node_at_instant.py" complexity="0" line-rate="0.9111" branch-rate="0.7917">
					<methods/>
					<lines>
						<line number="1" hits="1"/>
						<line number="3" hits="1"/>
						<line number="4" hits="1"/>
						<line number="5" hits="1"/>
						<line number="6" hits="1"/>
						<line number="9" hits="1"/>
						<line number="15" hits="1"/>
						<line number="16" hits="1"/>
						<line number="17" hits="1"/>
						<line number="18" hits="1"/>
						<line number="20" hits="1" branch="true" condition-coverage="100% (2/2)"/>
						<line number="34" hits="1" branch="true" condition-coverage="100% (2/2)"/>
						<line number="49" hits="1"/>
						<line number="53" hits="1"/>
						<line number="54" hits="1"/>
						<line number="58" hits="1"/>
						<line number="59" hits="1"/>
						<line number="60" hits="1"/>
						<line number="62" hits="1"/>
						<line number="65" hits="1"/>
						<line number="78" hits="1"/>
						<line number="80" hits="1"/>
						<line number="81" hits="1"/>
						<line number="90" hits="1"/>
						<line number="92" hits="1"/>
						<line number="93" hits="1"/>
						<line number="100" hits="1"/>
						<line number="102" hits="1"/>
						<line number="103" hits="1" branch="true" condition-coverage="100% (2/2)"/>
						<line number="108" hits="1"/>
						<line number="112" hits="1"/>
						<line number="113" hits="1"/>
						<line number="114" hits="1"/>
						<line number="115" hits="1"/>
						<line number="116" hits="1" branch="true" condition-coverage="100% (2/2)"/>
						<line number="117" hits="1"/>
						<line number="118" hits="1" branch="true" condition-coverage="100% (2/2)"/>
						<line number="119" hits="1" branch="true" condition-coverage="50% (1/2)" missing-branches="120"/>
						<line number="120" hits="0"/>
						<line number="121" hits="1"/>
						<line number="122" hits="1"/>
						<line number="123" hits="1" branch="true" condition-coverage="100% (2/2)"/>
						<line number="124" hits="1"/>
						<line number="127" hits="1" branch="true" condition-coverage="100% (2/2)"/>
						<line number="130" hits="1"/>
						<line number="134" hits="1"/>
						<line number="139" hits="1"/>
						<line number="142" hits="1"/>
						<line number="143" hits="1"/>
						<line number="144" hits="1" branch="true" condition-coverage="100% (2/2)"/>
						<line number="145" hits="1" branch="true" condition-coverage="100% (2/2)"/>
						<line number="146" hits="1" branch="true" condition-coverage="50% (1/2)" missing-branches="147"/>
						<line number="147" hits="0"/>
						<line number="148" hits="1" branch="true" condition-coverage="50% (1/2)" missing-branches="151"/>
						<line number="149" hits="1"/>
						<line number="151" hits="0"/>
						<line number="154" hits="1"/>
						<line number="156" hits="1"/>
						<line number="158" hits="1"/>
						<line number="160" hits="1"/>
						<line number="161" hits="1"/>
						<line number="162" hits="1"/>
						<line number="164" hits="1"/>
						<line number="165" hits="1"/>
						<line number="166" hits="1" branch="true" condition-coverage="50% (1/2)" missing-branches="167"/>
						<line number="167" hits="0"/>
						<line number="168" hits="1"/>
						<line number="170" hits="1"/>
						<line number="172" hits="1" branch="true" condition-coverage="100% (2/2)"/>
						<line number="173" hits="1"/>
						<line number="175" hits="1" branch="true" condition-coverage="50% (1/2)" missing-branches="exit"/>
						<line number="176" hits="1" branch="true" condition-coverage="100% (2/2)"/>
						<line number="178" hits="1" branch="true" condition-coverage="50% (1/2)" missing-branches="184"/>
						<line number="179" hits="1"/>
						<line number="180" hits="1" branch="true" condition-coverage="100% (2/2)"/>
						<line number="184" hits="0" branch="true" condition-coverage="0% (0/2)" missing-branches="185,191"/>
						<line number="185" hits="0"/>
						<line number="186" hits="0" branch="true" condition-coverage="0% (0/2)" missing-branches="exit,192"/>
						<line number="191" hits="0"/>
						<line number="192" hits="1"/>
						<line number="195" hits="1"/>
						<line number="198" hits="1" branch="true" condition-coverage="100% (2/2)"/>
						<line number="199" hits="1" branch="true" condition-coverage="100% (2/2)"/>
						<line number="200" hits="1"/>
						<line number="201" hits="1" branch="true" condition-coverage="100% (2/2)"/>
						<line number="202" hits="1"/>
						<line number="205" hits="1"/>
						<line number="210" hits="1" branch="true" condition-coverage="100% (2/2)"/>
						<line number="211" hits="1"/>
						<line number="215" hits="1"/>
					</lines>
				</class>
			</classes>
		</package>
		<package name="policyengine_core.periods" line-rate="0.7791" branch-rate="0.631" complexity="0">
			<classes>
				<class name="__init__.py" filename="policyengine_core/periods/__init__.py" complexity="0" line-rate="1" branch-rate="1">
					<methods/>
					<lines>
						<line number="24" hits="1"/>
						<line number="35" hits="1"/>
						<line number="45" hits="1"/>
						<line number="46" hits="1"/>
					</lines>
				</class>
				<class name="config.py" filename="policyengine_core/periods/config.py" complexity="0" line-rate="1" branch-rate="1">
					<methods/>
					<lines>
						<line number="1" hits="1"/>
						<line number="2" hits="1"/>
						<line number="4" hits="1"/>
						<line number="5" hits="1"/>
						<line number="6" hits="1"/>
						<line number="7" hits="1"/>
						<line number="11" hits="1"/>
						<line number="15" hits="1"/>
						<line number="16" hits="1"/>
						<line number="17" hits="1"/>
					</lines>
				</class>
				<class name="helpers.py" filename="policyengine_core/periods/helpers.py" complexity="0" line-rate="0.7917" branch-rate="0.74">
					<methods/>
					<lines>
						<line number="1" hits="1"/>
						<line number="2" hits="1"/>
						<line number="4" hits="1"/>
						<line number="5" hits="1"/>
						<line number="8" hits="1"/>
						<line number="9" hits="0"/>
						<line number="12" hits="1"/>
						<line number="30" hits="1" branch="true" condition-coverage="50% (1/2)" missing-branches="31"/>
						<line number="31" hits="0"/>
						<line number="32" hits="1" branch="true" condition-coverage="100% (2/2)"/>
						<line number="33" hits="1"/>
						<line number="34" hits="1" branch="true" condition-coverage="100% (2/2)"/>
						<line number="35" hits="1" branch="true" condition-coverage="100% (2/2)"/>
						<line number="36" hits="1"/>
						<line number="41" hits="1" branch="true" condition-coverage="100% (2/2)"/>
						<line number="44" hits="1" branch="true" condition-coverage="100% (2/2)"/>
						<line number="45" hits="1"/>
						<line number="46" hits="1" branch="true" condition-coverage="50% (1/2)" missing-branches="48"/>
						<line number="47" hits="1"/>
						<line number="48" hits="0" branch="true" condition-coverage="0% (0/2)" missing-branches="49,51"/>
						<line number="49" hits="0"/>
						<line number="50" hits="0"/>
						<line number="51" hits="0" branch="true" condition-coverage="0% (0/2)" missing-branches="52,54"/>
						<line number="52" hits="0"/>
						<line number="54" hits="0"/>
						<line number="55" hits="0"/>
						<line number="56" hits="1" branch="true" condition-coverage="100% (2/2)"/>
						<line number="57" hits="1"/>
						<line number="58" hits="1" branch="true" condition-coverage="100% (2/2)"/>
						<line number="59" hits="1"/>
						<line number="60" hits="1"/>
						<line number="63" hits="1"/>
						<line number="64" hits="0" branch="true" condition-coverage="0% (0/2)" missing-branches="65,66"/>
						<line number="65" hits="0"/>
						<line number="66" hits="0"/>
						<line number="67" hits="0" branch="true" condition-coverage="0% (0/2)" missing-branches="68,71"/>
						<line number="68" hits="0"/>
						<line number="71" hits="0"/>
						<line number="74" hits="1"/>
						<line number="92" hits="1" branch="true" condition-coverage="100% (2/2)"/>
						<line number="93" hits="1"/>
						<line number="95" hits="1" branch="true" condition-coverage="50% (1/2)" missing-branches="96"/>
						<line number="96" hits="0"/>
						<line number="98" hits="1"/>
						<line number="102" hits="1"/>
						<line number="103" hits="1"/>
						<line number="104" hits="1"/>
						<line number="105" hits="1"/>
						<line number="106" hits="1"/>
						<line number="107" hits="1"/>
						<line number="108" hits="1"/>
						<line number="109" hits="1"/>
						<line number="110" hits="1"/>
						<line number="111" hits="1"/>
						<line number="113" hits="1"/>
						<line number="121" hits="1"/>
						<line number="129" hits="1"/>
						<line number="133" hits="1"/>
						<line number="134" hits="1"/>
						<line number="143" hits="1"/>
						<line number="145" hits="1" branch="true" condition-coverage="100% (2/2)"/>
						<line number="146" hits="1"/>
						<line number="151" hits="1" branch="true" condition-coverage="100% (2/2)"/>
						<line number="152" hits="1"/>
						<line number="153" hits="1" branch="true" condition-coverage="100% (2/2)"/>
						<line number="154" hits="1"/>
						<line number="157" hits="1"/>
						<line number="158" hits="1" branch="true" condition-coverage="100% (2/2)"/>
						<line number="159" hits="1"/>
						<line number="162" hits="1" branch="true" condition-coverage="100% (2/2)"/>
						<line number="163" hits="1"/>
						<line number="165" hits="1"/>
						<line number="168" hits="1"/>
						<line number="169" hits="1" branch="true" condition-coverage="100% (2/2)"/>
						<line number="170" hits="1"/>
						<line number="173" hits="1"/>
						<line number="174" hits="1" branch="true" condition-coverage="50% (1/2)" missing-branches="175"/>
						<line number="175" hits="0"/>
						<line number="178" hits="1" branch="true" condition-coverage="100% (2/2)"/>
						<line number="179" hits="1"/>
						<line number="181" hits="1" branch="true" condition-coverage="50% (1/2)" missing-branches="188"/>
						<line number="182" hits="1"/>
						<line number="183" hits="1"/>
						<line number="184" hits="0"/>
						<line number="185" hits="0"/>
						<line number="188" hits="0"/>
						<line number="191" hits="1" branch="true" condition-coverage="100% (2/2)"/>
						<line number="192" hits="1"/>
						<line number="194" hits="1"/>
						<line number="197" hits="1"/>
						<line number="213" hits="1"/>
						<line number="215" hits="1"/>
						<line number="218" hits="1"/>
						<line number="219" hits="1"/>
						<line number="227" hits="1"/>
						<line number="228" hits="1"/>
					</lines>
				</class>
				<class name="instant_.py" filename="policyengine_core/periods/instant_.py" complexity="0" line-rate="0.9167" branch-rate="0.7609">
					<methods/>
					<lines>
						<line number="1" hits="1"/>
						<line number="2" hits="1"/>
						<line number="4" hits="1"/>
						<line number="5" hits="1"/>
						<line number="8" hits="1"/>
						<line number="9" hits="1"/>
						<line number="20" hits="1"/>
						<line number="24" hits="1"/>
						<line number="36" hits="1"/>
						<line number="37" hits="1" branch="true" condition-coverage="100% (2/2)"/>
						<line number="38" hits="1"/>
						<line number="41" hits="1"/>
						<line number="43" hits="1"/>
						<line number="44" hits="1"/>
						<line number="55" hits="1"/>
						<line number="56" hits="1" branch="true" condition-coverage="100% (2/2)"/>
						<line number="57" hits="1"/>
						<line number="60" hits="1"/>
						<line number="62" hits="1"/>
						<line number="63" hits="1"/>
						<line number="74" hits="1"/>
						<line number="76" hits="1"/>
						<line number="77" hits="1"/>
						<line number="88" hits="1"/>
						<line number="90" hits="1"/>
						<line number="101" hits="1"/>
						<line number="106" hits="1"/>
						<line number="109" hits="1"/>
						<line number="111" hits="1"/>
						<line number="192" hits="1"/>
						<line number="193" hits="1"/>
						<line number="198" hits="1" branch="true" condition-coverage="100% (2/2)"/>
						<line number="199" hits="1" branch="true" condition-coverage="100% (2/2)"/>
						<line number="200" hits="1"/>
						<line number="201" hits="1" branch="true" condition-coverage="50% (1/2)" missing-branches="252"/>
						<line number="202" hits="1"/>
						<line number="203" hits="1"/>
						<line number="204" hits="1" branch="true" condition-coverage="50% (1/2)" missing-branches="205"/>
[...]
						<line number="1" hits="1"/>
						<line number="2" hits="1"/>
						<line number="4" hits="1"/>
						<line number="5" hits="1"/>
						<line number="7" hits="1"/>
						<line number="12" hits="1"/>
						<line number="13" hits="1"/>
						<line number="14" hits="1"/>
						<line number="15" hits="1"/>
						<line number="16" hits="1"/>
						<line number="19" hits="1"/>
						<line number="20" hits="1"/>
						<line number="21" hits="1"/>
						<line number="22" hits="1"/>
						<line number="23" hits="1"/>
						<line number="25" hits="1"/>
						<line number="26" hits="1"/>
						<line number="28" hits="1"/>
						<line number="29" hits="1"/>
						<line number="31" hits="1"/>
						<line number="32" hits="1"/>
						<line number="34" hits="1"/>
						<line number="35" hits="1"/>
						<line number="37" hits="1"/>
						<line number="38" hits="1"/>
						<line number="40" hits="1"/>
						<line number="41" hits="1"/>
						<line number="43" hits="1"/>
						<line number="44" hits="1"/>
						<line number="46" hits="1"/>
						<line number="47" hits="1"/>
						<line number="50" hits="1"/>
						<line number="51" hits="1"/>
						<line number="52" hits="1"/>
						<line number="55" hits="1"/>
						<line number="56" hits="1"/>
						<line number="57" hits="1"/>
						<line number="59" hits="1"/>
						<line number="60" hits="1"/>
						<line number="63" hits="1"/>
						<line number="64" hits="1"/>
						<line number="65" hits="1"/>
						<line number="66" hits="1"/>
						<line number="67" hits="1"/>
						<line number="70" hits="1"/>
						<line number="71" hits="1"/>
						<line number="72" hits="1"/>
						<line number="74" hits="1"/>
						<line number="75" hits="1"/>
						<line number="78" hits="1"/>
						<line number="79" hits="1"/>
						<line number="80" hits="1"/>
						<line number="82" hits="1"/>
						<line number="83" hits="1"/>
						<line number="84" hits="1"/>
						<line number="85" hits="1"/>
						<line number="86" hits="1"/>
						<line number="87" hits="1"/>
						<line number="90" hits="1"/>
						<line number="91" hits="1"/>
						<line number="92" hits="1"/>
						<line number="93" hits="1"/>
						<line number="94" hits="1"/>
						<line number="95" hits="1"/>
						<line number="98" hits="1"/>
						<line number="99" hits="1"/>
						<line number="101" hits="1"/>
						<line number="102" hits="1"/>
						<line number="103" hits="1"/>
						<line number="106" hits="1"/>
						<line number="107" hits="1"/>
						<line number="109" hits="1"/>
						<line number="110" hits="1"/>
						<line number="113" hits="1"/>
						<line number="116" hits="1"/>
						<line number="117" hits="1"/>
						<line number="119" hits="1"/>
						<line number="122" hits="1"/>
						<line number="125" hits="1"/>
						<line number="130" hits="1"/>
						<line number="131" hits="1"/>
						<line number="133" hits="1"/>
						<line number="134" hits="1"/>
						<line number="135" hits="1"/>
						<line number="138" hits="1"/>
						<line number="139" hits="1"/>
						<line number="141" hits="1"/>
						<line number="144" hits="1"/>
						<line number="147" hits="1"/>
						<line number="150" hits="1"/>
						<line number="151" hits="1"/>
						<line number="153" hits="1"/>
						<line number="154" hits="1"/>
						<line number="155" hits="1"/>
						<line number="160" hits="1"/>
						<line number="161" hits="1"/>
						<line number="165" hits="1"/>
						<line number="166" hits="1"/>
						<line number="168" hits="1"/>
						<line number="170" hits="1"/>
						<line number="172" hits="1"/>
						<line number="174" hits="1"/>
						<line number="175" hits="1" branch="true" condition-coverage="100% (2/2)"/>
						<line number="176" hits="1"/>
						<line number="178" hits="1"/>
						<line number="181" hits="1"/>
						<line number="182" hits="1"/>
						<line number="186" hits="1"/>
						<line number="187" hits="1"/>
						<line number="189" hits="1"/>
						<line number="191" hits="1"/>
						<line number="193" hits="1"/>
						<line number="195" hits="1"/>
						<line number="196" hits="1" branch="true" condition-coverage="100% (2/2)"/>
						<line number="197" hits="1"/>
						<line number="199" hits="1"/>
						<line number="202" hits="1"/>
						<line number="203" hits="1" branch="true" condition-coverage="100% (2/2)"/>
						<line number="204" hits="1" branch="true" condition-coverage="100% (2/2)"/>
						<line number="205" hits="1"/>
					</lines>
				</class>
			</classes>
		</package>
		<package name="tests.core.variables" line-rate="0.9815" branch-rate="0.9" complexity="0">
			<classes>
				<class name="test_annualize.py" filename="tests/core/variables/test_annualize.py" complexity="0" line-rate="1" branch-rate="1">
					<methods/>
					<lines>
						<line number="1" hits="1"/>
						<line number="2" hits="1"/>
						<line number="4" hits="1"/>
						<line number="5" hits="1"/>
						<line number="6" hits="1"/>
						<line number="7" hits="1"/>
						<line number="10" hits="1"/>
						<line number="11" hits="1"/>
						<line number="13" hits="1"/>
						<line number="15" hits="1"/>
						<line number="16" hits="1"/>
						<line number="17" hits="1"/>
						<line number="18" hits="1"/>
						<line number="20" hits="1"/>
						<line number="21" hits="1"/>
						<line number="22" hits="1"/>
						<line number="24" hits="1"/>
						<line number="25" hits="1"/>
						<line number="27" hits="1"/>
						<line number="30" hits="1"/>
						<line number="33" hits="1"/>
						<line number="34" hits="1"/>
						<line number="36" hits="1"/>
						<line number="37" hits="1" branch="true" condition-coverage="100% (2/2)"/>
						<line number="38" hits="1"/>
						<line number="40" hits="1"/>
						<line number="43" hits="1"/>
						<line number="44" hits="1"/>
						<line number="46" hits="1"/>
						<line number="48" hits="1" branch="true" condition-coverage="100% (2/2)"/>
						<line number="53" hits="1"/>
						<line number="54" hits="1"/>
						<line number="57" hits="1"/>
						<line number="58" hits="1"/>
						<line number="59" hits="1"/>
						<line number="61" hits="1"/>
						<line number="63" hits="1" branch="true" condition-coverage="100% (2/2)"/>
						<line number="68" hits="1"/>
						<line number="69" hits="1"/>
						<line number="72" hits="1"/>
						<line number="73" hits="1"/>
						<line number="74" hits="1"/>
						<line number="78" hits="1"/>
						<line number="80" hits="1" branch="true" condition-coverage="100% (2/2)"/>
						<line number="85" hits="1"/>
						<line number="86" hits="1"/>
					</lines>
				</class>
				<class name="test_variables.py" filename="tests/core/variables/test_variables.py" complexity="0" line-rate="0.9784" branch-rate="0.5">
					<methods/>
					<lines>
						<line number="3" hits="1"/>
						<line number="5" hits="1"/>
						<line number="6" hits="1"/>
						<line number="7" hits="1"/>
						<line number="8" hits="1"/>
						<line number="10" hits="1"/>
						<line number="11" hits="1"/>
						<line number="12" hits="1"/>
						<line number="14" hits="1"/>
						<line number="20" hits="1"/>
						<line number="26" hits="1"/>
						<line number="27" hits="1"/>
						<line number="28" hits="0"/>
						<line number="34" hits="1"/>
						<line number="35" hits="1"/>
						<line number="36" hits="1"/>
						<line number="42" hits="1"/>
						<line number="43" hits="1"/>
						<line number="46" hits="1"/>
						<line number="49" hits="1"/>
						<line number="50" hits="1"/>
						<line number="51" hits="1"/>
						<line number="52" hits="1"/>
						<line number="53" hits="1" branch="true" condition-coverage="50% (1/2)" missing-branches="54"/>
						<line number="54" hits="0"/>
						<line number="61" hits="1"/>
						<line number="62" hits="1"/>
						<line number="71" hits="1"/>
						<line number="72" hits="1"/>
						<line number="73" hits="1"/>
						<line number="74" hits="1"/>
						<line number="75" hits="1"/>
						<line number="78" hits="1"/>
						<line number="79" hits="1"/>
						<line number="82" hits="1"/>
						<line number="83" hits="1"/>
						<line number="84" hits="1"/>
						<line number="85" hits="1"/>
						<line number="86" hits="1"/>
						<line number="92" hits="1"/>
						<line number="93" hits="1"/>
						<line number="94" hits="1"/>
						<line number="95" hits="1"/>
						<line number="96" hits="1"/>
						<line number="97" hits="1"/>
						<line number="100" hits="1"/>
						<line number="101" hits="1"/>
						<line number="102" hits="1"/>
						<line number="104" hits="1"/>
						<line number="105" hits="1"/>
						<line number="106" hits="1"/>
						<line number="111" hits="1"/>
						<line number="119" hits="1"/>
						<line number="120" hits="1"/>
						<line number="121" hits="1"/>
						<line number="122" hits="1"/>
						<line number="123" hits="1"/>
						<line number="124" hits="1"/>
						<line number="127" hits="1"/>
						<line number="130" hits="1"/>
						<line number="131" hits="1"/>
						<line number="132" hits="1"/>
						<line number="135" hits="1"/>
						<line number="136" hits="1"/>
						<line number="137" hits="1"/>
						<line number="138" hits="1"/>
						<line number="139" hits="1"/>
						<line number="140" hits="1"/>
						<line number="143" hits="1"/>
						<line number="151" hits="1"/>
						<line number="152" hits="1"/>
						<line number="153" hits="1"/>
						<line number="154" hits="1"/>
						<line number="155" hits="1"/>
						<line number="156" hits="1"/>
						<line number="158" hits="1"/>
						<line number="159" hits="1"/>
						<line number="162" hits="1"/>
						<line number="165" hits="1"/>
						<line number="166" hits="1"/>
						<line number="169" hits="1"/>
						<line number="172" hits="1"/>
						<line number="173" hits="1"/>
						<line number="174" hits="1"/>
						<line number="178" hits="1"/>
						<line number="179" hits="1"/>
						<line number="183" hits="1"/>
						<line number="184" hits="1"/>
						<line number="189" hits="1"/>
						<line number="190" hits="1"/>
						<line number="193" hits="1"/>
						<line number="195" hits="1"/>
						<line number="196" hits="1"/>
						<line number="205" hits="1"/>
						<line number="206" hits="1"/>
						<line number="207" hits="1"/>
						<line number="208" hits="1"/>
						<line number="209" hits="1"/>
						<line number="211" hits="1"/>
						<line number="212" hits="0"/>
						<line number="215" hits="1"/>
						<line number="216" hits="1"/>
						<line number="226" hits="1"/>
						<line number="227" hits="1"/>
						<line number="228" hits="1"/>
						<line number="229" hits="1"/>
						<line number="230" hits="1"/>
						<line number="232" hits="1"/>
						<line number="233" hits="1"/>
						<line number="236" hits="1"/>
						<line number="239" hits="1"/>
						<line number="240" hits="1"/>
						<line number="241" hits="1"/>
						<line number="246" hits="1"/>
						<line number="247" hits="1"/>
						<line number="252" hits="1"/>
						<line number="253" hits="1"/>
						<line number="259" hits="1"/>
						<line number="260" hits="1"/>
						<line number="263" hits="1"/>
						<line number="265" hits="1"/>
						<line number="266" hits="1"/>
						<line number="269" hits="1"/>
						<line number="270" hits="1"/>
						<line number="271" hits="1"/>
						<line number="272" hits="1"/>
						<line number="273" hits="1"/>
						<line number="275" hits="1"/>
						<line number="276" hits="1"/>
						<line number="279" hits="1"/>
						<line number="282" hits="1"/>
						<line number="283" hits="1"/>
						<line number="284" hits="1"/>
						<line number="285" hits="1"/>
						<line number="291" hits="1"/>
						<line number="292" hits="1"/>
						<line number="298" hits="1"/>
						<line number="299" hits="1"/>
						<line number="300" hits="1"/>
						<line number="306" hits="1"/>
						<line number="307" hits="1"/>
						<line number="308" hits="1"/>
						<line number="317" hits="1"/>
						<line number="318" hits="1"/>
						<line number="319" hits="1"/>
						<line number="320" hits="1"/>
						<line number="321" hits="1"/>
						<line number="323" hits="1"/>
						<line number="324" hits="1"/>
						<line number="326" hits="1"/>
						<line number="327" hits="1"/>
						<line number="330" hits="1"/>
						<line number="333" hits="1"/>
						<line number="334" hits="1"/>
						<line number="337" hits="1"/>
						<line number="338" hits="1"/>
						<line number="339" hits="1"/>
						<line number="342" hits="1"/>
						<line number="343" hits="1"/>
						<line number="346" hits="1"/>
						<line number="347" hits="1"/>
						<line number="349" hits="1"/>
						<line number="350" hits="1"/>
						<line number="351" hits="1"/>
						<line number="352" hits="1"/>
						<line number="353" hits="1"/>
						<line number="354" hits="1"/>
						<line number="357" hits="1"/>
						<line number="358" hits="1"/>
						<line number="359" hits="1"/>
						<line number="366" hits="1"/>
						<line number="367" hits="1"/>
						<line number="374" hits="1"/>
						<line number="375" hits="1"/>
						<line number="382" hits="1"/>
						<line number="383" hits="1"/>
						<line number="394" hits="1"/>
						<line number="395" hits="1"/>
						<line number="396" hits="1"/>
						<line number="397" hits="1"/>
						<line number="398" hits="1"/>
						<line number="400" hits="1"/>
						<line number="401" hits="0"/>
						<line number="403" hits="1"/>
						<line number="404" hits="0"/>
						<line number="407" hits="1"/>
						<line number="409" hits="1"/>
						<line number="419" hits="1"/>
						<line number="420" hits="1"/>
						<line number="421" hits="1"/>
						<line number="422" hits="1"/>
						<line number="423" hits="1"/>
						<line number="425" hits="1"/>
						<line number="426" hits="1"/>
						<line number="428" hits="1"/>
						<line number="429" hits="1"/>
						<line number="432" hits="1"/>
						<line number="437" hits="1"/>
						<line number="438" hits="1"/>
						<line number="439" hits="1"/>
						<line number="446" hits="1"/>
						<line number="447" hits="1"/>
						<line number="461" hits="1"/>
						<line number="462" hits="1"/>
						<line number="463" hits="1"/>
						<line number="464" hits="1"/>
						<line number="465" hits="1"/>
						<line number="466" hits="1"/>
						<line number="468" hits="1"/>
						<line number="469" hits="1"/>
						<line number="472" hits="1"/>
						<line number="475" hits="1"/>
						<line number="476" hits="1"/>
						<line number="477" hits="1"/>
						<line number="481" hits="1"/>
						<line number="482" hits="1"/>
						<line number="486" hits="1"/>
						<line number="487" hits="1"/>
						<line number="495" hits="1"/>
						<line number="496" hits="1"/>
						<line number="497" hits="1"/>
						<line number="498" hits="1"/>
						<line number="499" hits="1"/>
						<line number="500" hits="1"/>
						<line number="502" hits="1"/>
						<line number="503" hits="0"/>
						<line number="506" hits="1"/>
						<line number="507" hits="1"/>
						<line number="517" hits="1"/>
						<line number="518" hits="1"/>
						<line number="519" hits="1"/>
						<line number="520" hits="1"/>
						<line number="521" hits="1"/>
						<line number="522" hits="1"/>
						<line number="524" hits="1"/>
						<line number="525" hits="1"/>
						<line number="528" hits="1"/>
						<line number="531" hits="1"/>
						<line number="532" hits="1"/>
						<line number="533" hits="1"/>
						<line number="538" hits="1"/>
						<line number="539" hits="1"/>
						<line number="544" hits="1"/>
						<line number="545" hits="1"/>
						<line number="554" hits="1"/>
						<line number="555" hits="1"/>
						<line number="556" hits="1"/>
						<line number="557" hits="1"/>
						<line number="558" hits="1"/>
						<line number="559" hits="1"/>
						<line number="561" hits="1"/>
						<line number="562" hits="1"/>
						<line number="564" hits="1"/>
						<line number="565" hits="1"/>
						<line number="567" hits="1"/>
						<line number="568" hits="1"/>
						<line number="571" hits="1"/>
						<line number="574" hits="1"/>
						<line number="575" hits="1"/>
						<line number="576" hits="1"/>
						<line number="581" hits="1"/>
						<line number="582" hits="1"/>
						<line number="587" hits="1"/>
						<line number="588" hits="1"/>
						<line number="594" hits="1"/>
						<line number="595" hits="1"/>
						<line number="596" hits="1"/>
						<line number="599" hits="1"/>
						<line number="600" hits="1"/>
						<line number="604" hits="1"/>
						<line number="607" hits="1"/>
						<line number="608" hits="1"/>
						<line number="609" hits="1"/>
						<line number="610" hits="1"/>
						<line number="611" hits="1"/>
						<line number="612" hits="1"/>
						<line number="614" hits="1"/>
						<line number="615" hits="1"/>
					</lines>
				</class>
			</classes>
		</package>
		<package name="tests.fixtures" line-rate="0.9815" branch-rate="1" complexity="0">
			<classes>
				<class name="__init__.py" filename="tests/fixtures/__init__.py" complexity="0" line-rate="1" branch-rate="1">
					<methods/>
					<lines/>
				</class>
				<class name="entities.py" filename="tests/fixtures/entities.py" complexity="0" line-rate="0.9583" branch-rate="1">
					<methods/>
					<lines>
						<line number="1" hits="1"/>
						<line number="3" hits="1"/>
						<line number="5" hits="1"/>
						<line number="8" hits="1"/>
						<line number="9" hits="1"/>
						<line number="10" hits="1"/>
						<line number="11" hits="1"/>
						<line number="12" hits="1"/>
						<line number="14" hits="1"/>
						<line number="15" hits="1"/>
						<line number="18" hits="1"/>
						<line number="19" hits="1"/>
						<line number="20" hits="1"/>
						<line number="21" hits="1"/>
						<line number="22" hits="1"/>
						<line number="24" hits="1"/>
						<line number="25" hits="0"/>
						<line number="28" hits="1"/>
						<line number="29" hits="1"/>
						<line number="30" hits="1"/>
						<line number="33" hits="1"/>
						<line number="34" hits="1"/>
						<line number="35" hits="1"/>
						<line number="40" hits="1"/>
					</lines>
				</class>
				<class name="simulations.py" filename="tests/fixtures/simulations.py" complexity="0" line-rate="1" branch-rate="1">
					<methods/>
					<lines>
						<line number="1" hits="1"/>
						<line number="3" hits="1"/>
						<line number="5" hits="1"/>
						<line number="8" hits="1"/>
						<line number="9" hits="1"/>
						<line number="10" hits="1"/>
						<line number="12" hits="1"/>
						<line number="17" hits="1"/>
						<line number="18" hits="1"/>
						<line number="19" hits="1"/>
						<line number="22" hits="1"/>
						<line number="23" hits="1"/>
						<line number="24" hits="1"/>
						<line number="28" hits="1"/>
					</lines>
				</class>
				<class name="taxbenefitsystems.py" filename="tests/fixtures/taxbenefitsystems.py" complexity="0" line-rate="1" branch-rate="1">
					<methods/>
					<lines>
						<line number="1" hits="1"/>
						<line number="3" hits="1"/>
						<line number="6" hits="1"/>
						<line number="7" hits="1"/>
						<line number="8" hits="1"/>
						<line number="11" hits="1"/>
						<line number="12" hits="1"/>
						<line number="13" hits="1"/>
					</lines>
				</class>
				<class name="variables.py" filename="tests/fixtures/variables.py" complexity="0" line-rate="1" branch-rate="1">
					<methods/>
					<lines>
						<line number="1" hits="1"/>
						<line number="2" hits="1"/>
						<line number="5" hits="1"/>
						<line number="6" hits="1"/>
						<line number="7" hits="1"/>
						<line number="9" hits="1"/>
						<line number="10" hits="1"/>
						<line number="11" hits="1"/>
					</lines>
				</class>
			</classes>
		</package>
		<package name="tests.fixtures.yaml_tests" line-rate="1" branch-rate="1" complexity="0">
			<classes>
				<class name="__init__.py" filename="tests/fixtures/yaml_tests/__init__.py" complexity="0" line-rate="1" branch-rate="1">
					<methods/>
					<lines/>
				</class>
			</classes>
		</package>
	</packages>
</coverage>
